Num of avail GPUs: 1
Device cuda
Loading ERA5 TCW ...
Start training srgan on era5-TCW:
Gen: 24492949
Disc: 5214273
Nr of Trainable Params on cuda:   29707222
[2024-07-12 11:15] Epoch: 0, Train Step: 1/2000000, Bsz = 16, Gen Loss 0.214, Disc Loss: 1.390
[2024-07-12 11:15] Epoch: 0, Train Step: 2/2000000, Bsz = 16, Gen Loss 5.962, Disc Loss: 1.343
[2024-07-12 11:15] Epoch: 0, Train Step: 3/2000000, Bsz = 16, Gen Loss 0.277, Disc Loss: 1.220
[2024-07-12 11:15] Epoch: 0, Train Step: 4/2000000, Bsz = 16, Gen Loss 0.196, Disc Loss: 1.130
[2024-07-12 11:15] Epoch: 0, Train Step: 5/2000000, Bsz = 16, Gen Loss 0.280, Disc Loss: 1.054
[2024-07-12 11:15] Epoch: 0, Train Step: 6/2000000, Bsz = 16, Gen Loss 0.106, Disc Loss: 0.986
[2024-07-12 11:15] Epoch: 0, Train Step: 7/2000000, Bsz = 16, Gen Loss 0.081, Disc Loss: 0.994
[2024-07-12 11:15] Epoch: 0, Train Step: 8/2000000, Bsz = 16, Gen Loss 0.213, Disc Loss: 1.019
[2024-07-12 11:15] Epoch: 0, Train Step: 9/2000000, Bsz = 16, Gen Loss 0.114, Disc Loss: 0.923
[2024-07-12 11:16] Epoch: 0, Train Step: 10/2000000, Bsz = 16, Gen Loss 0.074, Disc Loss: 0.976
[2024-07-12 11:16] Epoch: 0, Train Step: 11/2000000, Bsz = 16, Gen Loss 0.114, Disc Loss: 0.760
[2024-07-12 11:16] Epoch: 0, Train Step: 12/2000000, Bsz = 16, Gen Loss 0.106, Disc Loss: 0.841
[2024-07-12 11:16] Epoch: 0, Train Step: 13/2000000, Bsz = 16, Gen Loss 0.107, Disc Loss: 0.708
[2024-07-12 11:16] Epoch: 0, Train Step: 14/2000000, Bsz = 16, Gen Loss 0.066, Disc Loss: 0.691
[2024-07-12 11:16] Epoch: 0, Train Step: 15/2000000, Bsz = 16, Gen Loss 0.052, Disc Loss: 0.609
[2024-07-12 11:16] Epoch: 0, Train Step: 16/2000000, Bsz = 16, Gen Loss 0.051, Disc Loss: 0.615
[2024-07-12 11:16] Epoch: 0, Train Step: 17/2000000, Bsz = 16, Gen Loss 0.057, Disc Loss: 0.565
[2024-07-12 11:16] Epoch: 0, Train Step: 18/2000000, Bsz = 16, Gen Loss 0.056, Disc Loss: 0.568
[2024-07-12 11:16] Epoch: 0, Train Step: 19/2000000, Bsz = 16, Gen Loss 0.048, Disc Loss: 0.537
[2024-07-12 11:16] Epoch: 0, Train Step: 20/2000000, Bsz = 16, Gen Loss 0.039, Disc Loss: 0.514
[2024-07-12 11:16] Epoch: 0, Train Step: 21/2000000, Bsz = 16, Gen Loss 0.037, Disc Loss: 0.404
[2024-07-12 11:16] Epoch: 0, Train Step: 22/2000000, Bsz = 16, Gen Loss 0.046, Disc Loss: 0.442
[2024-07-12 11:16] Epoch: 0, Train Step: 23/2000000, Bsz = 16, Gen Loss 0.047, Disc Loss: 0.543
[2024-07-12 11:16] Epoch: 0, Train Step: 24/2000000, Bsz = 16, Gen Loss 0.053, Disc Loss: 0.343
[2024-07-12 11:16] Epoch: 0, Train Step: 25/2000000, Bsz = 16, Gen Loss 0.040, Disc Loss: 0.327
[2024-07-12 11:16] Epoch: 0, Train Step: 26/2000000, Bsz = 16, Gen Loss 0.041, Disc Loss: 0.282
[2024-07-12 11:16] Epoch: 0, Train Step: 27/2000000, Bsz = 16, Gen Loss 0.038, Disc Loss: 0.284
[2024-07-12 11:16] Epoch: 0, Train Step: 28/2000000, Bsz = 16, Gen Loss 0.028, Disc Loss: 0.298
[2024-07-12 11:16] Epoch: 0, Train Step: 29/2000000, Bsz = 16, Gen Loss 0.029, Disc Loss: 0.247
[2024-07-12 11:16] Epoch: 0, Train Step: 30/2000000, Bsz = 16, Gen Loss 0.029, Disc Loss: 0.207
[2024-07-12 11:16] Epoch: 0, Train Step: 31/2000000, Bsz = 16, Gen Loss 0.029, Disc Loss: 0.271
[2024-07-12 11:16] Epoch: 0, Train Step: 32/2000000, Bsz = 16, Gen Loss 0.030, Disc Loss: 0.220
[2024-07-12 11:16] Epoch: 0, Train Step: 33/2000000, Bsz = 16, Gen Loss 0.030, Disc Loss: 0.193
[2024-07-12 11:16] Epoch: 0, Train Step: 34/2000000, Bsz = 16, Gen Loss 0.031, Disc Loss: 0.162
[2024-07-12 11:16] Epoch: 0, Train Step: 35/2000000, Bsz = 16, Gen Loss 0.029, Disc Loss: 0.213
[2024-07-12 11:16] Epoch: 0, Train Step: 36/2000000, Bsz = 16, Gen Loss 0.025, Disc Loss: 0.194
[2024-07-12 11:16] Epoch: 0, Train Step: 37/2000000, Bsz = 16, Gen Loss 0.038, Disc Loss: 0.129
[2024-07-12 11:16] Epoch: 0, Train Step: 38/2000000, Bsz = 16, Gen Loss 0.039, Disc Loss: 0.123
[2024-07-12 11:16] Epoch: 0, Train Step: 39/2000000, Bsz = 16, Gen Loss 0.029, Disc Loss: 0.114
[2024-07-12 11:16] Epoch: 0, Train Step: 40/2000000, Bsz = 16, Gen Loss 0.030, Disc Loss: 0.115
[2024-07-12 11:16] Epoch: 0, Train Step: 41/2000000, Bsz = 16, Gen Loss 0.033, Disc Loss: 0.152
[2024-07-12 11:16] Epoch: 0, Train Step: 42/2000000, Bsz = 16, Gen Loss 0.028, Disc Loss: 0.120
[2024-07-12 11:17] Epoch: 0, Train Step: 43/2000000, Bsz = 16, Gen Loss 0.025, Disc Loss: 0.118
[2024-07-12 11:17] Epoch: 0, Train Step: 44/2000000, Bsz = 16, Gen Loss 0.030, Disc Loss: 0.074
[2024-07-12 11:17] Epoch: 0, Train Step: 45/2000000, Bsz = 16, Gen Loss 0.029, Disc Loss: 0.069
[2024-07-12 11:17] Epoch: 0, Train Step: 46/2000000, Bsz = 16, Gen Loss 0.028, Disc Loss: 0.069
[2024-07-12 11:17] Epoch: 0, Train Step: 47/2000000, Bsz = 16, Gen Loss 0.026, Disc Loss: 0.070
[2024-07-12 11:17] Epoch: 0, Train Step: 48/2000000, Bsz = 16, Gen Loss 0.025, Disc Loss: 0.064
[2024-07-12 11:17] Epoch: 0, Train Step: 49/2000000, Bsz = 16, Gen Loss 0.032, Disc Loss: 0.055
[2024-07-12 11:17] Epoch: 0, Train Step: 50/2000000, Bsz = 16, Gen Loss 0.029, Disc Loss: 0.050
[2024-07-12 11:17] Epoch: 0, Train Step: 51/2000000, Bsz = 16, Gen Loss 0.027, Disc Loss: 0.049
[2024-07-12 11:17] Epoch: 0, Train Step: 52/2000000, Bsz = 16, Gen Loss 0.029, Disc Loss: 0.039
[2024-07-12 11:17] Epoch: 0, Train Step: 53/2000000, Bsz = 16, Gen Loss 0.033, Disc Loss: 0.043
[2024-07-12 11:17] Epoch: 0, Train Step: 54/2000000, Bsz = 16, Gen Loss 0.021, Disc Loss: 0.071
[2024-07-12 11:17] Epoch: 0, Train Step: 55/2000000, Bsz = 16, Gen Loss 0.024, Disc Loss: 0.047
[2024-07-12 11:17] Epoch: 0, Train Step: 56/2000000, Bsz = 16, Gen Loss 0.024, Disc Loss: 0.044
[2024-07-12 11:17] Epoch: 0, Train Step: 57/2000000, Bsz = 16, Gen Loss 0.020, Disc Loss: 0.045
[2024-07-12 11:17] Epoch: 0, Train Step: 58/2000000, Bsz = 16, Gen Loss 0.029, Disc Loss: 0.054
[2024-07-12 11:17] Epoch: 0, Train Step: 59/2000000, Bsz = 16, Gen Loss 0.031, Disc Loss: 0.057
[2024-07-12 11:17] Epoch: 0, Train Step: 60/2000000, Bsz = 16, Gen Loss 0.027, Disc Loss: 0.029
[2024-07-12 11:17] Epoch: 0, Train Step: 61/2000000, Bsz = 16, Gen Loss 0.030, Disc Loss: 0.023
[2024-07-12 11:17] Epoch: 0, Train Step: 62/2000000, Bsz = 16, Gen Loss 0.020, Disc Loss: 0.025
[2024-07-12 11:17] Epoch: 0, Train Step: 63/2000000, Bsz = 16, Gen Loss 0.024, Disc Loss: 0.047
[2024-07-12 11:17] Epoch: 0, Train Step: 64/2000000, Bsz = 16, Gen Loss 0.026, Disc Loss: 0.024
[2024-07-12 11:17] Epoch: 0, Train Step: 65/2000000, Bsz = 16, Gen Loss 0.021, Disc Loss: 0.032
[2024-07-12 11:17] Epoch: 0, Train Step: 66/2000000, Bsz = 16, Gen Loss 0.029, Disc Loss: 0.021
[2024-07-12 11:17] Epoch: 0, Train Step: 67/2000000, Bsz = 16, Gen Loss 0.026, Disc Loss: 0.025
[2024-07-12 11:17] Epoch: 0, Train Step: 68/2000000, Bsz = 16, Gen Loss 0.022, Disc Loss: 0.027
[2024-07-12 11:17] Epoch: 0, Train Step: 69/2000000, Bsz = 16, Gen Loss 0.023, Disc Loss: 0.019
[2024-07-12 11:17] Epoch: 0, Train Step: 70/2000000, Bsz = 16, Gen Loss 0.027, Disc Loss: 0.021
[2024-07-12 11:17] Epoch: 0, Train Step: 71/2000000, Bsz = 16, Gen Loss 0.022, Disc Loss: 0.017
[2024-07-12 11:17] Epoch: 0, Train Step: 72/2000000, Bsz = 16, Gen Loss 0.018, Disc Loss: 0.022
[2024-07-12 11:17] Epoch: 0, Train Step: 73/2000000, Bsz = 16, Gen Loss 0.022, Disc Loss: 0.016
[2024-07-12 11:17] Epoch: 0, Train Step: 74/2000000, Bsz = 16, Gen Loss 0.024, Disc Loss: 0.014
[2024-07-12 11:17] Epoch: 0, Train Step: 75/2000000, Bsz = 16, Gen Loss 0.018, Disc Loss: 0.013
[2024-07-12 11:18] Epoch: 0, Train Step: 76/2000000, Bsz = 16, Gen Loss 0.019, Disc Loss: 0.073
[2024-07-12 11:18] Epoch: 0, Train Step: 77/2000000, Bsz = 16, Gen Loss 0.024, Disc Loss: 0.018
[2024-07-12 11:18] Epoch: 0, Train Step: 78/2000000, Bsz = 16, Gen Loss 0.019, Disc Loss: 0.064
[2024-07-12 11:18] Epoch: 0, Train Step: 79/2000000, Bsz = 16, Gen Loss 0.021, Disc Loss: 0.036
[2024-07-12 11:18] Epoch: 0, Train Step: 80/2000000, Bsz = 16, Gen Loss 0.026, Disc Loss: 0.068
[2024-07-12 11:18] Epoch: 0, Train Step: 81/2000000, Bsz = 16, Gen Loss 0.026, Disc Loss: 0.023
[2024-07-12 11:18] Epoch: 0, Train Step: 82/2000000, Bsz = 16, Gen Loss 0.029, Disc Loss: 0.080
[2024-07-12 11:18] Epoch: 0, Train Step: 83/2000000, Bsz = 16, Gen Loss 0.034, Disc Loss: 0.034
[2024-07-12 11:18] Epoch: 0, Train Step: 84/2000000, Bsz = 16, Gen Loss 0.024, Disc Loss: 0.024
[2024-07-12 11:18] Epoch: 0, Train Step: 85/2000000, Bsz = 16, Gen Loss 0.023, Disc Loss: 0.026
[2024-07-12 11:18] Epoch: 0, Train Step: 86/2000000, Bsz = 16, Gen Loss 0.019, Disc Loss: 0.101
[2024-07-12 11:18] Epoch: 0, Train Step: 87/2000000, Bsz = 16, Gen Loss 0.035, Disc Loss: 0.039
[2024-07-12 11:18] Epoch: 0, Train Step: 88/2000000, Bsz = 16, Gen Loss 0.023, Disc Loss: 0.023
[2024-07-12 11:18] Epoch: 0, Train Step: 89/2000000, Bsz = 16, Gen Loss 0.025, Disc Loss: 0.037
[2024-07-12 11:18] Epoch: 0, Train Step: 90/2000000, Bsz = 16, Gen Loss 0.022, Disc Loss: 0.040
[2024-07-12 11:18] Epoch: 0, Train Step: 91/2000000, Bsz = 16, Gen Loss 0.026, Disc Loss: 0.028
[2024-07-12 11:18] Epoch: 0, Train Step: 92/2000000, Bsz = 16, Gen Loss 0.024, Disc Loss: 0.025
[2024-07-12 11:18] Epoch: 0, Train Step: 93/2000000, Bsz = 16, Gen Loss 0.024, Disc Loss: 0.025
[2024-07-12 11:18] Epoch: 0, Train Step: 94/2000000, Bsz = 16, Gen Loss 0.023, Disc Loss: 0.019
[2024-07-12 11:18] Epoch: 0, Train Step: 95/2000000, Bsz = 16, Gen Loss 0.024, Disc Loss: 0.027
[2024-07-12 11:18] Epoch: 0, Train Step: 96/2000000, Bsz = 16, Gen Loss 0.024, Disc Loss: 0.020
[2024-07-12 11:18] Epoch: 0, Train Step: 97/2000000, Bsz = 16, Gen Loss 0.026, Disc Loss: 0.015
[2024-07-12 11:18] Epoch: 0, Train Step: 98/2000000, Bsz = 16, Gen Loss 0.022, Disc Loss: 0.016
[2024-07-12 11:18] Epoch: 0, Train Step: 99/2000000, Bsz = 16, Gen Loss 0.037, Disc Loss: 0.013
[2024-07-12 11:18] Epoch: 0, Train Step: 100/2000000, Bsz = 16, Gen Loss 0.028, Disc Loss: 0.011
[2024-07-12 11:18] Epoch: 0, Train Step: 101/2000000, Bsz = 16, Gen Loss 0.042, Disc Loss: 0.045
[2024-07-12 11:18] Epoch: 0, Train Step: 102/2000000, Bsz = 16, Gen Loss 0.036, Disc Loss: 0.076
[2024-07-12 11:18] Epoch: 0, Train Step: 103/2000000, Bsz = 16, Gen Loss 0.021, Disc Loss: 0.041
[2024-07-12 11:18] Epoch: 0, Train Step: 104/2000000, Bsz = 16, Gen Loss 0.024, Disc Loss: 0.071
[2024-07-12 11:18] Epoch: 0, Train Step: 105/2000000, Bsz = 16, Gen Loss 0.027, Disc Loss: 0.031
[2024-07-12 11:18] Epoch: 0, Train Step: 106/2000000, Bsz = 16, Gen Loss 0.030, Disc Loss: 0.039
[2024-07-12 11:18] Epoch: 0, Train Step: 107/2000000, Bsz = 16, Gen Loss 0.029, Disc Loss: 0.020
[2024-07-12 11:18] Epoch: 0, Train Step: 108/2000000, Bsz = 16, Gen Loss 0.024, Disc Loss: 0.018
[2024-07-12 11:19] Epoch: 0, Train Step: 109/2000000, Bsz = 16, Gen Loss 0.027, Disc Loss: 0.015
[2024-07-12 11:19] Epoch: 0, Train Step: 110/2000000, Bsz = 16, Gen Loss 0.021, Disc Loss: 0.023
[2024-07-12 11:19] Epoch: 0, Train Step: 111/2000000, Bsz = 16, Gen Loss 0.024, Disc Loss: 0.018
[2024-07-12 11:19] Epoch: 0, Train Step: 112/2000000, Bsz = 16, Gen Loss 0.031, Disc Loss: 0.017
[2024-07-12 11:19] Epoch: 0, Train Step: 113/2000000, Bsz = 16, Gen Loss 0.022, Disc Loss: 0.013
[2024-07-12 11:19] Epoch: 0, Train Step: 114/2000000, Bsz = 16, Gen Loss 0.025, Disc Loss: 0.015
[2024-07-12 11:19] Epoch: 0, Train Step: 115/2000000, Bsz = 16, Gen Loss 0.025, Disc Loss: 0.012
[2024-07-12 11:19] Epoch: 0, Train Step: 116/2000000, Bsz = 16, Gen Loss 0.024, Disc Loss: 0.020
[2024-07-12 11:19] Epoch: 0, Train Step: 117/2000000, Bsz = 16, Gen Loss 0.021, Disc Loss: 0.010
[2024-07-12 11:19] Epoch: 0, Train Step: 118/2000000, Bsz = 16, Gen Loss 0.023, Disc Loss: 0.009
[2024-07-12 11:19] Epoch: 0, Train Step: 119/2000000, Bsz = 16, Gen Loss 0.030, Disc Loss: 0.008
[2024-07-12 11:19] Epoch: 0, Train Step: 120/2000000, Bsz = 16, Gen Loss 0.027, Disc Loss: 0.008
[2024-07-12 11:19] Epoch: 0, Train Step: 121/2000000, Bsz = 16, Gen Loss 0.028, Disc Loss: 0.010
[2024-07-12 11:19] Epoch: 0, Train Step: 122/2000000, Bsz = 16, Gen Loss 0.031, Disc Loss: 0.008
[2024-07-12 11:19] Epoch: 0, Train Step: 123/2000000, Bsz = 16, Gen Loss 0.027, Disc Loss: 0.007
[2024-07-12 11:19] Epoch: 0, Train Step: 124/2000000, Bsz = 16, Gen Loss 0.023, Disc Loss: 0.009
[2024-07-12 11:19] Epoch: 0, Train Step: 125/2000000, Bsz = 16, Gen Loss 0.021, Disc Loss: 0.008
[2024-07-12 11:19] Epoch: 0, Train Step: 126/2000000, Bsz = 16, Gen Loss 0.031, Disc Loss: 0.005
[2024-07-12 11:19] Epoch: 0, Train Step: 127/2000000, Bsz = 16, Gen Loss 0.026, Disc Loss: 0.011
[2024-07-12 11:19] Epoch: 0, Train Step: 128/2000000, Bsz = 16, Gen Loss 0.033, Disc Loss: 0.006
[2024-07-12 11:19] Epoch: 0, Train Step: 129/2000000, Bsz = 16, Gen Loss 0.031, Disc Loss: 0.006
[2024-07-12 11:19] Epoch: 0, Train Step: 130/2000000, Bsz = 16, Gen Loss 0.024, Disc Loss: 0.085
[2024-07-12 11:19] Epoch: 0, Train Step: 131/2000000, Bsz = 16, Gen Loss 0.023, Disc Loss: 0.005
[2024-07-12 11:19] Epoch: 0, Train Step: 132/2000000, Bsz = 16, Gen Loss 0.024, Disc Loss: 0.011
[2024-07-12 11:19] Epoch: 0, Train Step: 133/2000000, Bsz = 16, Gen Loss 0.025, Disc Loss: 0.013
[2024-07-12 11:19] Epoch: 0, Train Step: 134/2000000, Bsz = 16, Gen Loss 0.024, Disc Loss: 0.015
[2024-07-12 11:19] Epoch: 0, Train Step: 135/2000000, Bsz = 16, Gen Loss 0.020, Disc Loss: 0.029
[2024-07-12 11:19] Epoch: 0, Train Step: 136/2000000, Bsz = 16, Gen Loss 0.026, Disc Loss: 0.024
[2024-07-12 11:19] Epoch: 0, Train Step: 137/2000000, Bsz = 16, Gen Loss 0.027, Disc Loss: 0.012
[2024-07-12 11:19] Epoch: 0, Train Step: 138/2000000, Bsz = 16, Gen Loss 0.033, Disc Loss: 0.015
[2024-07-12 11:19] Epoch: 0, Train Step: 139/2000000, Bsz = 16, Gen Loss 0.023, Disc Loss: 0.011
[2024-07-12 11:19] Epoch: 0, Train Step: 140/2000000, Bsz = 16, Gen Loss 0.033, Disc Loss: 0.013
[2024-07-12 11:19] Epoch: 0, Train Step: 141/2000000, Bsz = 16, Gen Loss 0.019, Disc Loss: 0.012
[2024-07-12 11:20] Epoch: 0, Train Step: 142/2000000, Bsz = 16, Gen Loss 0.037, Disc Loss: 0.009
[2024-07-12 11:20] Epoch: 0, Train Step: 143/2000000, Bsz = 16, Gen Loss 0.037, Disc Loss: 0.011
[2024-07-12 11:20] Epoch: 0, Train Step: 144/2000000, Bsz = 16, Gen Loss 0.022, Disc Loss: 0.010
[2024-07-12 11:20] Epoch: 0, Train Step: 145/2000000, Bsz = 16, Gen Loss 0.024, Disc Loss: 0.019
[2024-07-12 11:20] Epoch: 0, Train Step: 146/2000000, Bsz = 16, Gen Loss 0.025, Disc Loss: 0.015
[2024-07-12 11:20] Epoch: 0, Train Step: 147/2000000, Bsz = 16, Gen Loss 0.028, Disc Loss: 0.008
[2024-07-12 11:20] Epoch: 0, Train Step: 148/2000000, Bsz = 16, Gen Loss 0.026, Disc Loss: 0.007
[2024-07-12 11:20] Epoch: 0, Train Step: 149/2000000, Bsz = 16, Gen Loss 0.045, Disc Loss: 0.010
[2024-07-12 11:20] Epoch: 0, Train Step: 150/2000000, Bsz = 16, Gen Loss 0.022, Disc Loss: 0.007
[2024-07-12 11:20] Epoch: 0, Train Step: 151/2000000, Bsz = 16, Gen Loss 0.029, Disc Loss: 0.005
[2024-07-12 11:20] Epoch: 0, Train Step: 152/2000000, Bsz = 16, Gen Loss 0.026, Disc Loss: 0.005
[2024-07-12 11:20] Epoch: 0, Train Step: 153/2000000, Bsz = 16, Gen Loss 0.026, Disc Loss: 0.005
[2024-07-12 11:20] Epoch: 0, Train Step: 154/2000000, Bsz = 16, Gen Loss 0.035, Disc Loss: 0.004
[2024-07-12 11:20] Epoch: 0, Train Step: 155/2000000, Bsz = 16, Gen Loss 0.031, Disc Loss: 0.005
[2024-07-12 11:20] Epoch: 0, Train Step: 156/2000000, Bsz = 16, Gen Loss 0.025, Disc Loss: 0.005
[2024-07-12 11:20] Epoch: 0, Train Step: 157/2000000, Bsz = 16, Gen Loss 0.030, Disc Loss: 0.005
[2024-07-12 11:20] Epoch: 0, Train Step: 158/2000000, Bsz = 16, Gen Loss 0.026, Disc Loss: 0.005
[2024-07-12 11:20] Epoch: 0, Train Step: 159/2000000, Bsz = 16, Gen Loss 0.024, Disc Loss: 0.005
[2024-07-12 11:20] Epoch: 0, Train Step: 160/2000000, Bsz = 16, Gen Loss 0.030, Disc Loss: 0.004
[2024-07-12 11:20] Epoch: 0, Train Step: 161/2000000, Bsz = 16, Gen Loss 0.028, Disc Loss: 0.003
[2024-07-12 11:20] Epoch: 0, Train Step: 162/2000000, Bsz = 16, Gen Loss 0.023, Disc Loss: 0.004
[2024-07-12 11:20] Epoch: 0, Train Step: 163/2000000, Bsz = 16, Gen Loss 0.023, Disc Loss: 0.004
[2024-07-12 11:20] Epoch: 0, Train Step: 164/2000000, Bsz = 16, Gen Loss 0.027, Disc Loss: 0.004
[2024-07-12 11:20] Epoch: 0, Train Step: 165/2000000, Bsz = 16, Gen Loss 0.021, Disc Loss: 0.004
[2024-07-12 11:20] Epoch: 0, Train Step: 166/2000000, Bsz = 16, Gen Loss 0.027, Disc Loss: 0.003
[2024-07-12 11:20] Epoch: 0, Train Step: 167/2000000, Bsz = 16, Gen Loss 0.024, Disc Loss: 0.004
[2024-07-12 11:20] Epoch: 0, Train Step: 168/2000000, Bsz = 16, Gen Loss 0.025, Disc Loss: 0.003
[2024-07-12 11:20] Epoch: 0, Train Step: 169/2000000, Bsz = 16, Gen Loss 0.023, Disc Loss: 0.003
[2024-07-12 11:20] Epoch: 0, Train Step: 170/2000000, Bsz = 16, Gen Loss 0.024, Disc Loss: 0.020
[2024-07-12 11:20] Epoch: 0, Train Step: 171/2000000, Bsz = 16, Gen Loss 0.026, Disc Loss: 0.007
[2024-07-12 11:20] Epoch: 0, Train Step: 172/2000000, Bsz = 16, Gen Loss 0.020, Disc Loss: 0.005
[2024-07-12 11:20] Epoch: 0, Train Step: 173/2000000, Bsz = 16, Gen Loss 0.023, Disc Loss: 0.003
[2024-07-12 11:20] Epoch: 0, Train Step: 174/2000000, Bsz = 16, Gen Loss 0.021, Disc Loss: 0.004
[2024-07-12 11:21] Epoch: 0, Train Step: 175/2000000, Bsz = 16, Gen Loss 0.020, Disc Loss: 0.004
[2024-07-12 11:21] Epoch: 0, Train Step: 176/2000000, Bsz = 16, Gen Loss 0.024, Disc Loss: 0.003
[2024-07-12 11:21] Epoch: 0, Train Step: 177/2000000, Bsz = 16, Gen Loss 0.020, Disc Loss: 0.014
[2024-07-12 11:21] Epoch: 0, Train Step: 178/2000000, Bsz = 16, Gen Loss 0.024, Disc Loss: 0.004
[2024-07-12 11:21] Epoch: 0, Train Step: 179/2000000, Bsz = 16, Gen Loss 0.023, Disc Loss: 0.005
[2024-07-12 11:21] Epoch: 0, Train Step: 180/2000000, Bsz = 16, Gen Loss 0.021, Disc Loss: 0.007
[2024-07-12 11:21] Epoch: 0, Train Step: 181/2000000, Bsz = 16, Gen Loss 0.027, Disc Loss: 0.003
[2024-07-12 11:21] Epoch: 0, Train Step: 182/2000000, Bsz = 16, Gen Loss 0.022, Disc Loss: 0.003
[2024-07-12 11:21] Epoch: 0, Train Step: 183/2000000, Bsz = 16, Gen Loss 0.020, Disc Loss: 0.005
[2024-07-12 11:21] Epoch: 0, Train Step: 184/2000000, Bsz = 16, Gen Loss 0.023, Disc Loss: 0.010
[2024-07-12 11:21] Epoch: 0, Train Step: 185/2000000, Bsz = 16, Gen Loss 0.028, Disc Loss: 0.007
[2024-07-12 11:21] Epoch: 0, Train Step: 186/2000000, Bsz = 16, Gen Loss 0.019, Disc Loss: 0.006
[2024-07-12 11:21] Epoch: 0, Train Step: 187/2000000, Bsz = 16, Gen Loss 0.024, Disc Loss: 0.004
[2024-07-12 11:21] Epoch: 0, Train Step: 188/2000000, Bsz = 16, Gen Loss 0.025, Disc Loss: 0.004
[2024-07-12 11:21] Epoch: 0, Train Step: 189/2000000, Bsz = 16, Gen Loss 0.024, Disc Loss: 0.004
[2024-07-12 11:21] Epoch: 0, Train Step: 190/2000000, Bsz = 16, Gen Loss 0.020, Disc Loss: 0.003
[2024-07-12 11:21] Epoch: 0, Train Step: 191/2000000, Bsz = 16, Gen Loss 0.022, Disc Loss: 0.002
[2024-07-12 11:21] Epoch: 0, Train Step: 192/2000000, Bsz = 16, Gen Loss 0.027, Disc Loss: 0.003
[2024-07-12 11:21] Epoch: 0, Train Step: 193/2000000, Bsz = 16, Gen Loss 0.022, Disc Loss: 0.003
[2024-07-12 11:21] Epoch: 0, Train Step: 194/2000000, Bsz = 16, Gen Loss 0.021, Disc Loss: 0.003
[2024-07-12 11:21] Epoch: 0, Train Step: 195/2000000, Bsz = 16, Gen Loss 0.024, Disc Loss: 0.002
[2024-07-12 11:21] Epoch: 0, Train Step: 196/2000000, Bsz = 16, Gen Loss 0.022, Disc Loss: 0.003
[2024-07-12 11:21] Epoch: 0, Train Step: 197/2000000, Bsz = 16, Gen Loss 0.022, Disc Loss: 0.002
[2024-07-12 11:21] Epoch: 0, Train Step: 198/2000000, Bsz = 16, Gen Loss 0.028, Disc Loss: 0.002
[2024-07-12 11:21] Epoch: 0, Train Step: 199/2000000, Bsz = 16, Gen Loss 0.020, Disc Loss: 0.002
[2024-07-12 11:21] Epoch: 0, Train Step: 200/2000000, Bsz = 16, Gen Loss 0.024, Disc Loss: 0.003
Time Fwd pass: 0.06302204495295882
tensor(0.4198, device='cuda:0') tensor(-0.1325, device='cuda:0') tensor(0.7737, device='cuda:0') tensor(0.0030, device='cuda:0')
[2024-07-12 11:21] Epoch: 0, Train Step: 201/2000000, Bsz = 16, Gen Loss 0.028, Disc Loss: 3.807
[2024-07-12 11:21] Epoch: 0, Train Step: 202/2000000, Bsz = 16, Gen Loss 0.019, Disc Loss: 23.398
[2024-07-12 11:21] Epoch: 0, Train Step: 203/2000000, Bsz = 16, Gen Loss 1.579, Disc Loss: 100.000
[2024-07-12 11:21] Epoch: 0, Train Step: 204/2000000, Bsz = 16, Gen Loss 8.224, Disc Loss: 100.000
[2024-07-12 11:21] Epoch: 0, Train Step: 205/2000000, Bsz = 16, Gen Loss 5.512, Disc Loss: 100.000
[2024-07-12 11:22] Epoch: 0, Train Step: 206/2000000, Bsz = 16, Gen Loss 0.567, Disc Loss: 100.000
[2024-07-12 11:22] Epoch: 0, Train Step: 207/2000000, Bsz = 16, Gen Loss 5.174, Disc Loss: 100.000
[2024-07-12 11:22] Epoch: 0, Train Step: 208/2000000, Bsz = 16, Gen Loss 0.129, Disc Loss: 100.000
[2024-07-12 11:22] Epoch: 0, Train Step: 209/2000000, Bsz = 16, Gen Loss 0.595, Disc Loss: 100.000
[2024-07-12 11:22] Epoch: 0, Train Step: 210/2000000, Bsz = 16, Gen Loss 1.102, Disc Loss: 100.000
[2024-07-12 11:22] Epoch: 0, Train Step: 211/2000000, Bsz = 16, Gen Loss 0.802, Disc Loss: 100.000
[2024-07-12 11:22] Epoch: 0, Train Step: 212/2000000, Bsz = 16, Gen Loss 0.182, Disc Loss: 100.000
[2024-07-12 11:22] Epoch: 0, Train Step: 213/2000000, Bsz = 16, Gen Loss 0.248, Disc Loss: 100.000
[2024-07-12 11:22] Epoch: 0, Train Step: 214/2000000, Bsz = 16, Gen Loss 0.961, Disc Loss: 100.000
[2024-07-12 11:22] Epoch: 0, Train Step: 215/2000000, Bsz = 16, Gen Loss 0.609, Disc Loss: 100.000
[2024-07-12 11:22] Epoch: 0, Train Step: 216/2000000, Bsz = 16, Gen Loss 0.144, Disc Loss: 100.000
[2024-07-12 11:22] Epoch: 0, Train Step: 217/2000000, Bsz = 16, Gen Loss 0.089, Disc Loss: 100.000
[2024-07-12 11:22] Epoch: 0, Train Step: 218/2000000, Bsz = 16, Gen Loss 0.260, Disc Loss: 100.000
[2024-07-12 11:22] Epoch: 0, Train Step: 219/2000000, Bsz = 16, Gen Loss 0.358, Disc Loss: 100.000
[2024-07-12 11:22] Epoch: 0, Train Step: 220/2000000, Bsz = 16, Gen Loss 0.351, Disc Loss: 100.000
[2024-07-12 11:22] Epoch: 0, Train Step: 221/2000000, Bsz = 16, Gen Loss 0.203, Disc Loss: 100.000
[2024-07-12 11:22] Epoch: 0, Train Step: 222/2000000, Bsz = 16, Gen Loss 0.096, Disc Loss: 100.000
[2024-07-12 11:22] Epoch: 0, Train Step: 223/2000000, Bsz = 16, Gen Loss 0.061, Disc Loss: 100.000
[2024-07-12 11:22] Epoch: 0, Train Step: 224/2000000, Bsz = 16, Gen Loss 0.119, Disc Loss: 100.000
[2024-07-12 11:22] Epoch: 0, Train Step: 225/2000000, Bsz = 16, Gen Loss 0.187, Disc Loss: 100.000
[2024-07-12 11:22] Epoch: 0, Train Step: 226/2000000, Bsz = 16, Gen Loss 0.145, Disc Loss: 100.000
[2024-07-12 11:22] Epoch: 0, Train Step: 227/2000000, Bsz = 16, Gen Loss 0.153, Disc Loss: 100.000
[2024-07-12 11:22] Epoch: 0, Train Step: 228/2000000, Bsz = 16, Gen Loss 0.089, Disc Loss: 100.000
[2024-07-12 11:22] Epoch: 0, Train Step: 229/2000000, Bsz = 16, Gen Loss 0.050, Disc Loss: 100.000
[2024-07-12 11:22] Epoch: 0, Train Step: 230/2000000, Bsz = 16, Gen Loss 0.036, Disc Loss: 100.000
[2024-07-12 11:22] Epoch: 0, Train Step: 231/2000000, Bsz = 16, Gen Loss 0.035, Disc Loss: 100.000
[2024-07-12 11:22] Epoch: 0, Train Step: 232/2000000, Bsz = 16, Gen Loss 0.040, Disc Loss: 100.000
[2024-07-12 11:22] Epoch: 0, Train Step: 233/2000000, Bsz = 16, Gen Loss 0.057, Disc Loss: 100.000
[2024-07-12 11:22] Epoch: 0, Train Step: 234/2000000, Bsz = 16, Gen Loss 0.059, Disc Loss: 100.000
[2024-07-12 11:22] Epoch: 0, Train Step: 235/2000000, Bsz = 16, Gen Loss 0.044, Disc Loss: 100.000
[2024-07-12 11:22] Epoch: 0, Train Step: 236/2000000, Bsz = 16, Gen Loss 0.030, Disc Loss: 100.000
[2024-07-12 11:22] Epoch: 0, Train Step: 237/2000000, Bsz = 16, Gen Loss 0.026, Disc Loss: 100.000
[2024-07-12 11:22] Epoch: 0, Train Step: 238/2000000, Bsz = 16, Gen Loss 0.023, Disc Loss: 100.000
[2024-07-12 11:23] Epoch: 0, Train Step: 239/2000000, Bsz = 16, Gen Loss 0.020, Disc Loss: 100.000
[2024-07-12 11:23] Epoch: 0, Train Step: 240/2000000, Bsz = 16, Gen Loss 0.034, Disc Loss: 100.000
[2024-07-12 11:23] Epoch: 0, Train Step: 241/2000000, Bsz = 16, Gen Loss 0.029, Disc Loss: 100.000
[2024-07-12 11:23] Epoch: 0, Train Step: 242/2000000, Bsz = 16, Gen Loss 0.036, Disc Loss: 100.000
[2024-07-12 11:23] Epoch: 0, Train Step: 243/2000000, Bsz = 16, Gen Loss 0.033, Disc Loss: 100.000
[2024-07-12 11:23] Epoch: 0, Train Step: 244/2000000, Bsz = 16, Gen Loss 0.023, Disc Loss: 100.000
[2024-07-12 11:23] Epoch: 0, Train Step: 245/2000000, Bsz = 16, Gen Loss 0.019, Disc Loss: 100.000
[2024-07-12 11:23] Epoch: 0, Train Step: 246/2000000, Bsz = 16, Gen Loss 0.022, Disc Loss: 100.000
[2024-07-12 11:23] Epoch: 0, Train Step: 247/2000000, Bsz = 16, Gen Loss 0.023, Disc Loss: 100.000
[2024-07-12 11:23] Epoch: 0, Train Step: 248/2000000, Bsz = 16, Gen Loss 0.025, Disc Loss: 100.000
