Num of avail GPUs: 1
Device cuda
Loading ERA5 TCW ...
Start training srgan on era5-TCW:
Gen: 24492949
Disc: 5214273
Nr of Trainable Params on cuda:   29707222
[2024-07-12 11:15] Epoch: 0, Train Step: 1/2000000, Bsz = 16, Gen Loss 0.169, Disc Loss: 1.390
[2024-07-12 11:15] Epoch: 0, Train Step: 2/2000000, Bsz = 16, Gen Loss 6.172, Disc Loss: 1.345
[2024-07-12 11:15] Epoch: 0, Train Step: 3/2000000, Bsz = 16, Gen Loss 0.303, Disc Loss: 1.227
[2024-07-12 11:15] Epoch: 0, Train Step: 4/2000000, Bsz = 16, Gen Loss 0.169, Disc Loss: 1.138
[2024-07-12 11:15] Epoch: 0, Train Step: 5/2000000, Bsz = 16, Gen Loss 0.278, Disc Loss: 1.065
[2024-07-12 11:15] Epoch: 0, Train Step: 6/2000000, Bsz = 16, Gen Loss 0.105, Disc Loss: 0.996
[2024-07-12 11:15] Epoch: 0, Train Step: 7/2000000, Bsz = 16, Gen Loss 0.091, Disc Loss: 1.015
[2024-07-12 11:15] Epoch: 0, Train Step: 8/2000000, Bsz = 16, Gen Loss 0.215, Disc Loss: 0.998
[2024-07-12 11:15] Epoch: 0, Train Step: 9/2000000, Bsz = 16, Gen Loss 0.104, Disc Loss: 0.936
[2024-07-12 11:15] Epoch: 0, Train Step: 10/2000000, Bsz = 16, Gen Loss 0.049, Disc Loss: 0.934
[2024-07-12 11:15] Epoch: 0, Train Step: 11/2000000, Bsz = 16, Gen Loss 0.060, Disc Loss: 0.759
[2024-07-12 11:15] Epoch: 0, Train Step: 12/2000000, Bsz = 16, Gen Loss 0.072, Disc Loss: 0.735
[2024-07-12 11:15] Epoch: 0, Train Step: 13/2000000, Bsz = 16, Gen Loss 0.093, Disc Loss: 0.670
[2024-07-12 11:15] Epoch: 0, Train Step: 14/2000000, Bsz = 16, Gen Loss 0.067, Disc Loss: 0.666
[2024-07-12 11:15] Epoch: 0, Train Step: 15/2000000, Bsz = 16, Gen Loss 0.052, Disc Loss: 0.583
[2024-07-12 11:15] Epoch: 0, Train Step: 16/2000000, Bsz = 16, Gen Loss 0.037, Disc Loss: 0.588
[2024-07-12 11:15] Epoch: 0, Train Step: 17/2000000, Bsz = 16, Gen Loss 0.038, Disc Loss: 0.548
[2024-07-12 11:15] Epoch: 0, Train Step: 18/2000000, Bsz = 16, Gen Loss 0.041, Disc Loss: 0.467
[2024-07-12 11:15] Epoch: 0, Train Step: 19/2000000, Bsz = 16, Gen Loss 0.042, Disc Loss: 0.520
[2024-07-12 11:15] Epoch: 0, Train Step: 20/2000000, Bsz = 16, Gen Loss 0.047, Disc Loss: 0.421
[2024-07-12 11:16] Epoch: 0, Train Step: 21/2000000, Bsz = 16, Gen Loss 0.051, Disc Loss: 0.368
[2024-07-12 11:16] Epoch: 0, Train Step: 22/2000000, Bsz = 16, Gen Loss 0.041, Disc Loss: 0.407
[2024-07-12 11:16] Epoch: 0, Train Step: 23/2000000, Bsz = 16, Gen Loss 0.032, Disc Loss: 0.503
[2024-07-12 11:16] Epoch: 0, Train Step: 24/2000000, Bsz = 16, Gen Loss 0.033, Disc Loss: 0.339
[2024-07-12 11:16] Epoch: 0, Train Step: 25/2000000, Bsz = 16, Gen Loss 0.025, Disc Loss: 0.324
[2024-07-12 11:16] Epoch: 0, Train Step: 26/2000000, Bsz = 16, Gen Loss 0.029, Disc Loss: 0.269
[2024-07-12 11:16] Epoch: 0, Train Step: 27/2000000, Bsz = 16, Gen Loss 0.028, Disc Loss: 0.257
[2024-07-12 11:16] Epoch: 0, Train Step: 28/2000000, Bsz = 16, Gen Loss 0.028, Disc Loss: 0.310
[2024-07-12 11:16] Epoch: 0, Train Step: 29/2000000, Bsz = 16, Gen Loss 0.027, Disc Loss: 0.238
[2024-07-12 11:16] Epoch: 0, Train Step: 30/2000000, Bsz = 16, Gen Loss 0.028, Disc Loss: 0.188
[2024-07-12 11:16] Epoch: 0, Train Step: 31/2000000, Bsz = 16, Gen Loss 0.030, Disc Loss: 0.255
[2024-07-12 11:16] Epoch: 0, Train Step: 32/2000000, Bsz = 16, Gen Loss 0.029, Disc Loss: 0.210
[2024-07-12 11:16] Epoch: 0, Train Step: 33/2000000, Bsz = 16, Gen Loss 0.030, Disc Loss: 0.176
[2024-07-12 11:16] Epoch: 0, Train Step: 34/2000000, Bsz = 16, Gen Loss 0.029, Disc Loss: 0.140
[2024-07-12 11:16] Epoch: 0, Train Step: 35/2000000, Bsz = 16, Gen Loss 0.025, Disc Loss: 0.198
[2024-07-12 11:16] Epoch: 0, Train Step: 36/2000000, Bsz = 16, Gen Loss 0.024, Disc Loss: 0.173
[2024-07-12 11:16] Epoch: 0, Train Step: 37/2000000, Bsz = 16, Gen Loss 0.037, Disc Loss: 0.105
[2024-07-12 11:16] Epoch: 0, Train Step: 38/2000000, Bsz = 16, Gen Loss 0.036, Disc Loss: 0.101
[2024-07-12 11:16] Epoch: 0, Train Step: 39/2000000, Bsz = 16, Gen Loss 0.029, Disc Loss: 0.098
[2024-07-12 11:16] Epoch: 0, Train Step: 40/2000000, Bsz = 16, Gen Loss 0.030, Disc Loss: 0.094
[2024-07-12 11:16] Epoch: 0, Train Step: 41/2000000, Bsz = 16, Gen Loss 0.033, Disc Loss: 0.142
[2024-07-12 11:16] Epoch: 0, Train Step: 42/2000000, Bsz = 16, Gen Loss 0.029, Disc Loss: 0.095
[2024-07-12 11:16] Epoch: 0, Train Step: 43/2000000, Bsz = 16, Gen Loss 0.025, Disc Loss: 0.097
[2024-07-12 11:16] Epoch: 0, Train Step: 44/2000000, Bsz = 16, Gen Loss 0.032, Disc Loss: 0.057
[2024-07-12 11:16] Epoch: 0, Train Step: 45/2000000, Bsz = 16, Gen Loss 0.030, Disc Loss: 0.058
[2024-07-12 11:16] Epoch: 0, Train Step: 46/2000000, Bsz = 16, Gen Loss 0.030, Disc Loss: 0.058
[2024-07-12 11:16] Epoch: 0, Train Step: 47/2000000, Bsz = 16, Gen Loss 0.027, Disc Loss: 0.049
[2024-07-12 11:16] Epoch: 0, Train Step: 48/2000000, Bsz = 16, Gen Loss 0.026, Disc Loss: 0.051
[2024-07-12 11:16] Epoch: 0, Train Step: 49/2000000, Bsz = 16, Gen Loss 0.032, Disc Loss: 0.042
[2024-07-12 11:16] Epoch: 0, Train Step: 50/2000000, Bsz = 16, Gen Loss 0.028, Disc Loss: 0.041
[2024-07-12 11:16] Epoch: 0, Train Step: 51/2000000, Bsz = 16, Gen Loss 0.026, Disc Loss: 0.040
[2024-07-12 11:16] Epoch: 0, Train Step: 52/2000000, Bsz = 16, Gen Loss 0.028, Disc Loss: 0.032
[2024-07-12 11:16] Epoch: 0, Train Step: 53/2000000, Bsz = 16, Gen Loss 0.034, Disc Loss: 0.032
[2024-07-12 11:16] Epoch: 0, Train Step: 54/2000000, Bsz = 16, Gen Loss 0.020, Disc Loss: 0.072
[2024-07-12 11:16] Epoch: 0, Train Step: 55/2000000, Bsz = 16, Gen Loss 0.023, Disc Loss: 0.038
[2024-07-12 11:16] Epoch: 0, Train Step: 56/2000000, Bsz = 16, Gen Loss 0.023, Disc Loss: 0.035
[2024-07-12 11:16] Epoch: 0, Train Step: 57/2000000, Bsz = 16, Gen Loss 0.020, Disc Loss: 0.045
[2024-07-12 11:16] Epoch: 0, Train Step: 58/2000000, Bsz = 16, Gen Loss 0.029, Disc Loss: 0.043
[2024-07-12 11:16] Epoch: 0, Train Step: 59/2000000, Bsz = 16, Gen Loss 0.031, Disc Loss: 0.061
[2024-07-12 11:16] Epoch: 0, Train Step: 60/2000000, Bsz = 16, Gen Loss 0.027, Disc Loss: 0.026
[2024-07-12 11:16] Epoch: 0, Train Step: 61/2000000, Bsz = 16, Gen Loss 0.030, Disc Loss: 0.020
[2024-07-12 11:16] Epoch: 0, Train Step: 62/2000000, Bsz = 16, Gen Loss 0.020, Disc Loss: 0.023
[2024-07-12 11:16] Epoch: 0, Train Step: 63/2000000, Bsz = 16, Gen Loss 0.025, Disc Loss: 0.036
[2024-07-12 11:16] Epoch: 0, Train Step: 64/2000000, Bsz = 16, Gen Loss 0.026, Disc Loss: 0.019
[2024-07-12 11:16] Epoch: 0, Train Step: 65/2000000, Bsz = 16, Gen Loss 0.021, Disc Loss: 0.029
[2024-07-12 11:16] Epoch: 0, Train Step: 66/2000000, Bsz = 16, Gen Loss 0.029, Disc Loss: 0.017
[2024-07-12 11:16] Epoch: 0, Train Step: 67/2000000, Bsz = 16, Gen Loss 0.026, Disc Loss: 0.020
[2024-07-12 11:16] Epoch: 0, Train Step: 68/2000000, Bsz = 16, Gen Loss 0.022, Disc Loss: 0.023
[2024-07-12 11:16] Epoch: 0, Train Step: 69/2000000, Bsz = 16, Gen Loss 0.023, Disc Loss: 0.018
[2024-07-12 11:16] Epoch: 0, Train Step: 70/2000000, Bsz = 16, Gen Loss 0.027, Disc Loss: 0.022
[2024-07-12 11:16] Epoch: 0, Train Step: 71/2000000, Bsz = 16, Gen Loss 0.021, Disc Loss: 0.018
[2024-07-12 11:16] Epoch: 0, Train Step: 72/2000000, Bsz = 16, Gen Loss 0.018, Disc Loss: 0.017
[2024-07-12 11:16] Epoch: 0, Train Step: 73/2000000, Bsz = 16, Gen Loss 0.022, Disc Loss: 0.014
[2024-07-12 11:16] Epoch: 0, Train Step: 74/2000000, Bsz = 16, Gen Loss 0.023, Disc Loss: 0.013
[2024-07-12 11:16] Epoch: 0, Train Step: 75/2000000, Bsz = 16, Gen Loss 0.018, Disc Loss: 0.012
[2024-07-12 11:16] Epoch: 0, Train Step: 76/2000000, Bsz = 16, Gen Loss 0.020, Disc Loss: 0.080
[2024-07-12 11:16] Epoch: 0, Train Step: 77/2000000, Bsz = 16, Gen Loss 0.028, Disc Loss: 0.017
[2024-07-12 11:16] Epoch: 0, Train Step: 78/2000000, Bsz = 16, Gen Loss 0.019, Disc Loss: 0.014
[2024-07-12 11:16] Epoch: 0, Train Step: 79/2000000, Bsz = 16, Gen Loss 0.023, Disc Loss: 0.025
[2024-07-12 11:16] Epoch: 0, Train Step: 80/2000000, Bsz = 16, Gen Loss 0.027, Disc Loss: 0.022
[2024-07-12 11:16] Epoch: 0, Train Step: 81/2000000, Bsz = 16, Gen Loss 0.026, Disc Loss: 0.016
[2024-07-12 11:16] Epoch: 0, Train Step: 82/2000000, Bsz = 16, Gen Loss 0.025, Disc Loss: 0.016
[2024-07-12 11:16] Epoch: 0, Train Step: 83/2000000, Bsz = 16, Gen Loss 0.025, Disc Loss: 0.018
[2024-07-12 11:16] Epoch: 0, Train Step: 84/2000000, Bsz = 16, Gen Loss 0.025, Disc Loss: 0.015
[2024-07-12 11:16] Epoch: 0, Train Step: 85/2000000, Bsz = 16, Gen Loss 0.024, Disc Loss: 0.013
[2024-07-12 11:16] Epoch: 0, Train Step: 86/2000000, Bsz = 16, Gen Loss 0.020, Disc Loss: 0.016
[2024-07-12 11:16] Epoch: 0, Train Step: 87/2000000, Bsz = 16, Gen Loss 0.029, Disc Loss: 0.016
[2024-07-12 11:16] Epoch: 0, Train Step: 88/2000000, Bsz = 16, Gen Loss 0.021, Disc Loss: 0.008
[2024-07-12 11:16] Epoch: 0, Train Step: 89/2000000, Bsz = 16, Gen Loss 0.024, Disc Loss: 0.010
[2024-07-12 11:16] Epoch: 0, Train Step: 90/2000000, Bsz = 16, Gen Loss 0.021, Disc Loss: 0.018
[2024-07-12 11:16] Epoch: 0, Train Step: 91/2000000, Bsz = 16, Gen Loss 0.024, Disc Loss: 0.010
[2024-07-12 11:16] Epoch: 0, Train Step: 92/2000000, Bsz = 16, Gen Loss 0.021, Disc Loss: 0.010
[2024-07-12 11:16] Epoch: 0, Train Step: 93/2000000, Bsz = 16, Gen Loss 0.021, Disc Loss: 0.009
[2024-07-12 11:16] Epoch: 0, Train Step: 94/2000000, Bsz = 16, Gen Loss 0.021, Disc Loss: 0.008
[2024-07-12 11:16] Epoch: 0, Train Step: 95/2000000, Bsz = 16, Gen Loss 0.021, Disc Loss: 0.012
[2024-07-12 11:17] Epoch: 0, Train Step: 96/2000000, Bsz = 16, Gen Loss 0.021, Disc Loss: 0.009
[2024-07-12 11:17] Epoch: 0, Train Step: 97/2000000, Bsz = 16, Gen Loss 0.022, Disc Loss: 0.007
[2024-07-12 11:17] Epoch: 0, Train Step: 98/2000000, Bsz = 16, Gen Loss 0.020, Disc Loss: 0.008
[2024-07-12 11:17] Epoch: 0, Train Step: 99/2000000, Bsz = 16, Gen Loss 0.028, Disc Loss: 0.008
[2024-07-12 11:17] Epoch: 0, Train Step: 100/2000000, Bsz = 16, Gen Loss 0.023, Disc Loss: 0.007
[2024-07-12 11:17] Epoch: 0, Train Step: 101/2000000, Bsz = 16, Gen Loss 0.033, Disc Loss: 0.022
[2024-07-12 11:17] Epoch: 0, Train Step: 102/2000000, Bsz = 16, Gen Loss 0.030, Disc Loss: 0.011
[2024-07-12 11:17] Epoch: 0, Train Step: 103/2000000, Bsz = 16, Gen Loss 0.019, Disc Loss: 0.012
[2024-07-12 11:17] Epoch: 0, Train Step: 104/2000000, Bsz = 16, Gen Loss 0.019, Disc Loss: 0.026
[2024-07-12 11:17] Epoch: 0, Train Step: 105/2000000, Bsz = 16, Gen Loss 0.023, Disc Loss: 0.015
[2024-07-12 11:17] Epoch: 0, Train Step: 106/2000000, Bsz = 16, Gen Loss 0.024, Disc Loss: 0.013
[2024-07-12 11:17] Epoch: 0, Train Step: 107/2000000, Bsz = 16, Gen Loss 0.022, Disc Loss: 0.015
[2024-07-12 11:17] Epoch: 0, Train Step: 108/2000000, Bsz = 16, Gen Loss 0.021, Disc Loss: 0.016
[2024-07-12 11:17] Epoch: 0, Train Step: 109/2000000, Bsz = 16, Gen Loss 0.022, Disc Loss: 0.009
[2024-07-12 11:17] Epoch: 0, Train Step: 110/2000000, Bsz = 16, Gen Loss 0.017, Disc Loss: 0.014
[2024-07-12 11:17] Epoch: 0, Train Step: 111/2000000, Bsz = 16, Gen Loss 0.019, Disc Loss: 0.011
[2024-07-12 11:17] Epoch: 0, Train Step: 112/2000000, Bsz = 16, Gen Loss 0.024, Disc Loss: 0.015
[2024-07-12 11:17] Epoch: 0, Train Step: 113/2000000, Bsz = 16, Gen Loss 0.020, Disc Loss: 0.008
[2024-07-12 11:17] Epoch: 0, Train Step: 114/2000000, Bsz = 16, Gen Loss 0.021, Disc Loss: 0.006
[2024-07-12 11:17] Epoch: 0, Train Step: 115/2000000, Bsz = 16, Gen Loss 0.023, Disc Loss: 0.007
[2024-07-12 11:17] Epoch: 0, Train Step: 116/2000000, Bsz = 16, Gen Loss 0.020, Disc Loss: 0.010
[2024-07-12 11:17] Epoch: 0, Train Step: 117/2000000, Bsz = 16, Gen Loss 0.021, Disc Loss: 0.007
[2024-07-12 11:17] Epoch: 0, Train Step: 118/2000000, Bsz = 16, Gen Loss 0.026, Disc Loss: 0.008
[2024-07-12 11:17] Epoch: 0, Train Step: 119/2000000, Bsz = 16, Gen Loss 0.032, Disc Loss: 0.006
[2024-07-12 11:17] Epoch: 0, Train Step: 120/2000000, Bsz = 16, Gen Loss 0.024, Disc Loss: 0.004
[2024-07-12 11:17] Epoch: 0, Train Step: 121/2000000, Bsz = 16, Gen Loss 0.027, Disc Loss: 0.007
[2024-07-12 11:17] Epoch: 0, Train Step: 122/2000000, Bsz = 16, Gen Loss 0.032, Disc Loss: 0.004
[2024-07-12 11:17] Epoch: 0, Train Step: 123/2000000, Bsz = 16, Gen Loss 0.030, Disc Loss: 0.004
[2024-07-12 11:17] Epoch: 0, Train Step: 124/2000000, Bsz = 16, Gen Loss 0.028, Disc Loss: 0.005
[2024-07-12 11:17] Epoch: 0, Train Step: 125/2000000, Bsz = 16, Gen Loss 0.022, Disc Loss: 0.005
[2024-07-12 11:17] Epoch: 0, Train Step: 126/2000000, Bsz = 16, Gen Loss 0.028, Disc Loss: 0.004
[2024-07-12 11:17] Epoch: 0, Train Step: 127/2000000, Bsz = 16, Gen Loss 0.025, Disc Loss: 0.010
[2024-07-12 11:17] Epoch: 0, Train Step: 128/2000000, Bsz = 16, Gen Loss 0.032, Disc Loss: 0.003
[2024-07-12 11:17] Epoch: 0, Train Step: 129/2000000, Bsz = 16, Gen Loss 0.030, Disc Loss: 0.004
[2024-07-12 11:17] Epoch: 0, Train Step: 130/2000000, Bsz = 16, Gen Loss 0.024, Disc Loss: 0.009
[2024-07-12 11:17] Epoch: 0, Train Step: 131/2000000, Bsz = 16, Gen Loss 0.022, Disc Loss: 0.003
[2024-07-12 11:17] Epoch: 0, Train Step: 132/2000000, Bsz = 16, Gen Loss 0.023, Disc Loss: 0.005
[2024-07-12 11:17] Epoch: 0, Train Step: 133/2000000, Bsz = 16, Gen Loss 0.023, Disc Loss: 0.005
[2024-07-12 11:17] Epoch: 0, Train Step: 134/2000000, Bsz = 16, Gen Loss 0.025, Disc Loss: 0.005
[2024-07-12 11:17] Epoch: 0, Train Step: 135/2000000, Bsz = 16, Gen Loss 0.023, Disc Loss: 0.007
[2024-07-12 11:17] Epoch: 0, Train Step: 136/2000000, Bsz = 16, Gen Loss 0.021, Disc Loss: 0.005
[2024-07-12 11:17] Epoch: 0, Train Step: 137/2000000, Bsz = 16, Gen Loss 0.026, Disc Loss: 0.005
[2024-07-12 11:17] Epoch: 0, Train Step: 138/2000000, Bsz = 16, Gen Loss 0.024, Disc Loss: 0.004
[2024-07-12 11:17] Epoch: 0, Train Step: 139/2000000, Bsz = 16, Gen Loss 0.022, Disc Loss: 0.005
[2024-07-12 11:17] Epoch: 0, Train Step: 140/2000000, Bsz = 16, Gen Loss 0.024, Disc Loss: 0.004
[2024-07-12 11:17] Epoch: 0, Train Step: 141/2000000, Bsz = 16, Gen Loss 0.016, Disc Loss: 0.004
[2024-07-12 11:17] Epoch: 0, Train Step: 142/2000000, Bsz = 16, Gen Loss 0.029, Disc Loss: 0.003
[2024-07-12 11:17] Epoch: 0, Train Step: 143/2000000, Bsz = 16, Gen Loss 0.032, Disc Loss: 0.003
[2024-07-12 11:17] Epoch: 0, Train Step: 144/2000000, Bsz = 16, Gen Loss 0.020, Disc Loss: 0.006
[2024-07-12 11:17] Epoch: 0, Train Step: 145/2000000, Bsz = 16, Gen Loss 0.016, Disc Loss: 0.005
[2024-07-12 11:17] Epoch: 0, Train Step: 146/2000000, Bsz = 16, Gen Loss 0.019, Disc Loss: 0.003
[2024-07-12 11:17] Epoch: 0, Train Step: 147/2000000, Bsz = 16, Gen Loss 0.021, Disc Loss: 0.003
[2024-07-12 11:17] Epoch: 0, Train Step: 148/2000000, Bsz = 16, Gen Loss 0.020, Disc Loss: 0.003
[2024-07-12 11:17] Epoch: 0, Train Step: 149/2000000, Bsz = 16, Gen Loss 0.026, Disc Loss: 0.004
[2024-07-12 11:17] Epoch: 0, Train Step: 150/2000000, Bsz = 16, Gen Loss 0.020, Disc Loss: 0.003
[2024-07-12 11:17] Epoch: 0, Train Step: 151/2000000, Bsz = 16, Gen Loss 0.021, Disc Loss: 0.003
[2024-07-12 11:17] Epoch: 0, Train Step: 152/2000000, Bsz = 16, Gen Loss 0.022, Disc Loss: 0.003
[2024-07-12 11:17] Epoch: 0, Train Step: 153/2000000, Bsz = 16, Gen Loss 0.020, Disc Loss: 0.003
[2024-07-12 11:17] Epoch: 0, Train Step: 154/2000000, Bsz = 16, Gen Loss 0.025, Disc Loss: 0.004
[2024-07-12 11:17] Epoch: 0, Train Step: 155/2000000, Bsz = 16, Gen Loss 0.024, Disc Loss: 0.004
[2024-07-12 11:17] Epoch: 0, Train Step: 156/2000000, Bsz = 16, Gen Loss 0.020, Disc Loss: 0.002
[2024-07-12 11:17] Epoch: 0, Train Step: 157/2000000, Bsz = 16, Gen Loss 0.023, Disc Loss: 0.002
[2024-07-12 11:17] Epoch: 0, Train Step: 158/2000000, Bsz = 16, Gen Loss 0.020, Disc Loss: 0.002
[2024-07-12 11:17] Epoch: 0, Train Step: 159/2000000, Bsz = 16, Gen Loss 0.020, Disc Loss: 0.004
[2024-07-12 11:17] Epoch: 0, Train Step: 160/2000000, Bsz = 16, Gen Loss 0.023, Disc Loss: 0.003
[2024-07-12 11:17] Epoch: 0, Train Step: 161/2000000, Bsz = 16, Gen Loss 0.022, Disc Loss: 0.002
[2024-07-12 11:17] Epoch: 0, Train Step: 162/2000000, Bsz = 16, Gen Loss 0.019, Disc Loss: 0.002
[2024-07-12 11:17] Epoch: 0, Train Step: 163/2000000, Bsz = 16, Gen Loss 0.020, Disc Loss: 0.002
[2024-07-12 11:17] Epoch: 0, Train Step: 164/2000000, Bsz = 16, Gen Loss 0.022, Disc Loss: 0.002
[2024-07-12 11:17] Epoch: 0, Train Step: 165/2000000, Bsz = 16, Gen Loss 0.019, Disc Loss: 0.002
[2024-07-12 11:17] Epoch: 0, Train Step: 166/2000000, Bsz = 16, Gen Loss 0.021, Disc Loss: 0.002
[2024-07-12 11:17] Epoch: 0, Train Step: 167/2000000, Bsz = 16, Gen Loss 0.020, Disc Loss: 0.002
[2024-07-12 11:17] Epoch: 0, Train Step: 168/2000000, Bsz = 16, Gen Loss 0.021, Disc Loss: 0.002
[2024-07-12 11:17] Epoch: 0, Train Step: 169/2000000, Bsz = 16, Gen Loss 0.019, Disc Loss: 0.002
[2024-07-12 11:17] Epoch: 0, Train Step: 170/2000000, Bsz = 16, Gen Loss 0.019, Disc Loss: 0.003
[2024-07-12 11:18] Epoch: 0, Train Step: 171/2000000, Bsz = 16, Gen Loss 0.021, Disc Loss: 0.008
[2024-07-12 11:18] Epoch: 0, Train Step: 172/2000000, Bsz = 16, Gen Loss 0.018, Disc Loss: 0.006
[2024-07-12 11:18] Epoch: 0, Train Step: 173/2000000, Bsz = 16, Gen Loss 0.020, Disc Loss: 0.002
[2024-07-12 11:18] Epoch: 0, Train Step: 174/2000000, Bsz = 16, Gen Loss 0.018, Disc Loss: 0.003
[2024-07-12 11:18] Epoch: 0, Train Step: 175/2000000, Bsz = 16, Gen Loss 0.018, Disc Loss: 0.004
[2024-07-12 11:18] Epoch: 0, Train Step: 176/2000000, Bsz = 16, Gen Loss 0.021, Disc Loss: 0.003
[2024-07-12 11:18] Epoch: 0, Train Step: 177/2000000, Bsz = 16, Gen Loss 0.017, Disc Loss: 0.008
[2024-07-12 11:18] Epoch: 0, Train Step: 178/2000000, Bsz = 16, Gen Loss 0.020, Disc Loss: 0.005
[2024-07-12 11:18] Epoch: 0, Train Step: 179/2000000, Bsz = 16, Gen Loss 0.020, Disc Loss: 0.003
[2024-07-12 11:18] Epoch: 0, Train Step: 180/2000000, Bsz = 16, Gen Loss 0.019, Disc Loss: 0.005
[2024-07-12 11:18] Epoch: 0, Train Step: 181/2000000, Bsz = 16, Gen Loss 0.026, Disc Loss: 0.002
[2024-07-12 11:18] Epoch: 0, Train Step: 182/2000000, Bsz = 16, Gen Loss 0.022, Disc Loss: 0.005
[2024-07-12 11:18] Epoch: 0, Train Step: 183/2000000, Bsz = 16, Gen Loss 0.018, Disc Loss: 0.002
[2024-07-12 11:18] Epoch: 0, Train Step: 184/2000000, Bsz = 16, Gen Loss 0.021, Disc Loss: 0.001
[2024-07-12 11:18] Epoch: 0, Train Step: 185/2000000, Bsz = 16, Gen Loss 0.023, Disc Loss: 0.008
[2024-07-12 11:18] Epoch: 0, Train Step: 186/2000000, Bsz = 16, Gen Loss 0.020, Disc Loss: 0.002
[2024-07-12 11:18] Epoch: 0, Train Step: 187/2000000, Bsz = 16, Gen Loss 0.022, Disc Loss: 0.002
[2024-07-12 11:18] Epoch: 0, Train Step: 188/2000000, Bsz = 16, Gen Loss 0.021, Disc Loss: 0.002
[2024-07-12 11:18] Epoch: 0, Train Step: 189/2000000, Bsz = 16, Gen Loss 0.021, Disc Loss: 0.004
[2024-07-12 11:18] Epoch: 0, Train Step: 190/2000000, Bsz = 16, Gen Loss 0.019, Disc Loss: 0.002
[2024-07-12 11:18] Epoch: 0, Train Step: 191/2000000, Bsz = 16, Gen Loss 0.019, Disc Loss: 0.002
[2024-07-12 11:18] Epoch: 0, Train Step: 192/2000000, Bsz = 16, Gen Loss 0.025, Disc Loss: 0.002
[2024-07-12 11:18] Epoch: 0, Train Step: 193/2000000, Bsz = 16, Gen Loss 0.020, Disc Loss: 0.002
[2024-07-12 11:18] Epoch: 0, Train Step: 194/2000000, Bsz = 16, Gen Loss 0.018, Disc Loss: 0.002
[2024-07-12 11:18] Epoch: 0, Train Step: 195/2000000, Bsz = 16, Gen Loss 0.020, Disc Loss: 0.002
[2024-07-12 11:18] Epoch: 0, Train Step: 196/2000000, Bsz = 16, Gen Loss 0.021, Disc Loss: 0.002
[2024-07-12 11:18] Epoch: 0, Train Step: 197/2000000, Bsz = 16, Gen Loss 0.019, Disc Loss: 0.001
[2024-07-12 11:18] Epoch: 0, Train Step: 198/2000000, Bsz = 16, Gen Loss 0.022, Disc Loss: 0.002
[2024-07-12 11:18] Epoch: 0, Train Step: 199/2000000, Bsz = 16, Gen Loss 0.018, Disc Loss: 0.007
[2024-07-12 11:18] Epoch: 0, Train Step: 200/2000000, Bsz = 16, Gen Loss 0.022, Disc Loss: 0.002
Time Fwd pass: 0.03474087733775377
tensor(0.4696, device='cuda:0') tensor(-0.1796, device='cuda:0') tensor(0.7737, device='cuda:0') tensor(0.0030, device='cuda:0')
[2024-07-12 11:18] Epoch: 0, Train Step: 201/2000000, Bsz = 16, Gen Loss 0.018, Disc Loss: 0.829
[2024-07-12 11:18] Epoch: 0, Train Step: 202/2000000, Bsz = 16, Gen Loss 0.064, Disc Loss: 13.877
[2024-07-12 11:18] Epoch: 0, Train Step: 203/2000000, Bsz = 16, Gen Loss 2.970, Disc Loss: 100.000
[2024-07-12 11:18] Epoch: 0, Train Step: 204/2000000, Bsz = 16, Gen Loss 9.282, Disc Loss: 100.000
[2024-07-12 11:18] Epoch: 0, Train Step: 205/2000000, Bsz = 16, Gen Loss 2.873, Disc Loss: 100.000
[2024-07-12 11:18] Epoch: 0, Train Step: 206/2000000, Bsz = 16, Gen Loss 2.836, Disc Loss: 100.000
[2024-07-12 11:18] Epoch: 0, Train Step: 207/2000000, Bsz = 16, Gen Loss 0.582, Disc Loss: 100.000
[2024-07-12 11:18] Epoch: 0, Train Step: 208/2000000, Bsz = 16, Gen Loss 0.189, Disc Loss: 100.000
[2024-07-12 11:18] Epoch: 0, Train Step: 209/2000000, Bsz = 16, Gen Loss 0.349, Disc Loss: 100.000
[2024-07-12 11:18] Epoch: 0, Train Step: 210/2000000, Bsz = 16, Gen Loss 0.377, Disc Loss: 100.000
[2024-07-12 11:18] Epoch: 0, Train Step: 211/2000000, Bsz = 16, Gen Loss 0.311, Disc Loss: 100.000
[2024-07-12 11:18] Epoch: 0, Train Step: 212/2000000, Bsz = 16, Gen Loss 0.307, Disc Loss: 100.000
[2024-07-12 11:18] Epoch: 0, Train Step: 213/2000000, Bsz = 16, Gen Loss 0.205, Disc Loss: 100.000
[2024-07-12 11:18] Epoch: 0, Train Step: 214/2000000, Bsz = 16, Gen Loss 0.169, Disc Loss: 100.000
[2024-07-12 11:18] Epoch: 0, Train Step: 215/2000000, Bsz = 16, Gen Loss 0.150, Disc Loss: 100.000
[2024-07-12 11:18] Epoch: 0, Train Step: 216/2000000, Bsz = 16, Gen Loss 0.163, Disc Loss: 100.000
[2024-07-12 11:18] Epoch: 0, Train Step: 217/2000000, Bsz = 16, Gen Loss 0.202, Disc Loss: 100.000
[2024-07-12 11:18] Epoch: 0, Train Step: 218/2000000, Bsz = 16, Gen Loss 0.194, Disc Loss: 100.000
[2024-07-12 11:18] Epoch: 0, Train Step: 219/2000000, Bsz = 16, Gen Loss 0.181, Disc Loss: 100.000
[2024-07-12 11:18] Epoch: 0, Train Step: 220/2000000, Bsz = 16, Gen Loss 0.115, Disc Loss: 100.000
[2024-07-12 11:18] Epoch: 0, Train Step: 221/2000000, Bsz = 16, Gen Loss 0.101, Disc Loss: 100.000
[2024-07-12 11:18] Epoch: 0, Train Step: 222/2000000, Bsz = 16, Gen Loss 0.075, Disc Loss: 100.000
[2024-07-12 11:18] Epoch: 0, Train Step: 223/2000000, Bsz = 16, Gen Loss 0.074, Disc Loss: 100.000
[2024-07-12 11:18] Epoch: 0, Train Step: 224/2000000, Bsz = 16, Gen Loss 0.075, Disc Loss: 100.000
[2024-07-12 11:18] Epoch: 0, Train Step: 225/2000000, Bsz = 16, Gen Loss 0.074, Disc Loss: 100.000
[2024-07-12 11:18] Epoch: 0, Train Step: 226/2000000, Bsz = 16, Gen Loss 0.068, Disc Loss: 100.000
[2024-07-12 11:18] Epoch: 0, Train Step: 227/2000000, Bsz = 16, Gen Loss 0.060, Disc Loss: 100.000
[2024-07-12 11:18] Epoch: 0, Train Step: 228/2000000, Bsz = 16, Gen Loss 0.053, Disc Loss: 100.000
[2024-07-12 11:18] Epoch: 0, Train Step: 229/2000000, Bsz = 16, Gen Loss 0.047, Disc Loss: 100.000
[2024-07-12 11:18] Epoch: 0, Train Step: 230/2000000, Bsz = 16, Gen Loss 0.044, Disc Loss: 100.000
[2024-07-12 11:18] Epoch: 0, Train Step: 231/2000000, Bsz = 16, Gen Loss 0.037, Disc Loss: 100.000
[2024-07-12 11:18] Epoch: 0, Train Step: 232/2000000, Bsz = 16, Gen Loss 0.045, Disc Loss: 100.000
[2024-07-12 11:18] Epoch: 0, Train Step: 233/2000000, Bsz = 16, Gen Loss 0.036, Disc Loss: 100.000
[2024-07-12 11:18] Epoch: 0, Train Step: 234/2000000, Bsz = 16, Gen Loss 0.035, Disc Loss: 100.000
[2024-07-12 11:18] Epoch: 0, Train Step: 235/2000000, Bsz = 16, Gen Loss 0.040, Disc Loss: 100.000
[2024-07-12 11:18] Epoch: 0, Train Step: 236/2000000, Bsz = 16, Gen Loss 0.040, Disc Loss: 100.000
[2024-07-12 11:18] Epoch: 0, Train Step: 237/2000000, Bsz = 16, Gen Loss 0.039, Disc Loss: 100.000
[2024-07-12 11:18] Epoch: 0, Train Step: 238/2000000, Bsz = 16, Gen Loss 0.035, Disc Loss: 100.000
[2024-07-12 11:18] Epoch: 0, Train Step: 239/2000000, Bsz = 16, Gen Loss 0.032, Disc Loss: 100.000
[2024-07-12 11:18] Epoch: 0, Train Step: 240/2000000, Bsz = 16, Gen Loss 0.032, Disc Loss: 100.000
[2024-07-12 11:18] Epoch: 0, Train Step: 241/2000000, Bsz = 16, Gen Loss 0.027, Disc Loss: 100.000
[2024-07-12 11:18] Epoch: 0, Train Step: 242/2000000, Bsz = 16, Gen Loss 0.030, Disc Loss: 100.000
[2024-07-12 11:19] Epoch: 0, Train Step: 243/2000000, Bsz = 16, Gen Loss 0.028, Disc Loss: 100.000
[2024-07-12 11:19] Epoch: 0, Train Step: 244/2000000, Bsz = 16, Gen Loss 0.024, Disc Loss: 100.000
[2024-07-12 11:19] Epoch: 0, Train Step: 245/2000000, Bsz = 16, Gen Loss 0.025, Disc Loss: 100.000
[2024-07-12 11:19] Epoch: 0, Train Step: 246/2000000, Bsz = 16, Gen Loss 0.027, Disc Loss: 100.000
[2024-07-12 11:19] Epoch: 0, Train Step: 247/2000000, Bsz = 16, Gen Loss 0.025, Disc Loss: 100.000
[2024-07-12 11:19] Epoch: 0, Train Step: 248/2000000, Bsz = 16, Gen Loss 0.023, Disc Loss: 100.000
[2024-07-12 11:19] Epoch: 0, Train Step: 249/2000000, Bsz = 16, Gen Loss 0.023, Disc Loss: 100.000
[2024-07-12 11:19] Epoch: 0, Train Step: 250/2000000, Bsz = 16, Gen Loss 0.021, Disc Loss: 100.000
Validating model ... 
Time Fwd pass: 0.03474618028849363
tensor(0.7243, device='cuda:0') tensor(-0.5608, device='cuda:0') tensor(0.9274, device='cuda:0') tensor(0.0013, device='cuda:0')
Time Fwd pass: 0.03693983796983957
tensor(0.7109, device='cuda:0') tensor(-0.5352, device='cuda:0') tensor(0.7749, device='cuda:0') tensor(0.0024, device='cuda:0')
Time Fwd pass: 0.03477114345878363
tensor(0.7185, device='cuda:0') tensor(-0.5325, device='cuda:0') tensor(0.6890, device='cuda:0') tensor(0.0025, device='cuda:0')
Time Fwd pass: 0.03685472719371319
tensor(0.8580, device='cuda:0') tensor(-0.5902, device='cuda:0') tensor(0.7859, device='cuda:0') tensor(0.0043, device='cuda:0')
Time Fwd pass: 0.03481292258948088
tensor(0.7342, device='cuda:0') tensor(-0.5575, device='cuda:0') tensor(0.8411, device='cuda:0') tensor(0.0025, device='cuda:0')
Time Fwd pass: 0.03473866544663906
tensor(0.7112, device='cuda:0') tensor(-0.5088, device='cuda:0') tensor(0.7957, device='cuda:0') tensor(0.0054, device='cuda:0')
Time Fwd pass: 0.03478304576128721
tensor(0.7908, device='cuda:0') tensor(-0.5507, device='cuda:0') tensor(0.7877, device='cuda:0') tensor(0.0026, device='cuda:0')
Time Fwd pass: 0.03708566538989544
tensor(0.7840, device='cuda:0') tensor(-0.5372, device='cuda:0') tensor(0.6450, device='cuda:0') tensor(0.0009, device='cuda:0')
Time Fwd pass: 0.03481908515095711
tensor(0.7611, device='cuda:0') tensor(-0.5666, device='cuda:0') tensor(0.5817, device='cuda:0') tensor(0.0018, device='cuda:0')
Time Fwd pass: 0.03519476670771837
tensor(0.6842, device='cuda:0') tensor(-0.5476, device='cuda:0') tensor(0.6957, device='cuda:0') tensor(0.0007, device='cuda:0')
[2024-07-12 11:19] Epoch: 0, Train Step: 251/2000000, Bsz = 16, Gen Loss 0.024, Disc Loss: 100.000
[2024-07-12 11:19] Epoch: 0, Train Step: 252/2000000, Bsz = 16, Gen Loss 0.028, Disc Loss: 100.000
[2024-07-12 11:19] Epoch: 0, Train Step: 253/2000000, Bsz = 16, Gen Loss 0.021, Disc Loss: 100.000
[2024-07-12 11:19] Epoch: 0, Train Step: 254/2000000, Bsz = 16, Gen Loss 0.018, Disc Loss: 100.000
[2024-07-12 11:19] Epoch: 0, Train Step: 255/2000000, Bsz = 16, Gen Loss 0.023, Disc Loss: 100.000
[2024-07-12 11:19] Epoch: 0, Train Step: 256/2000000, Bsz = 16, Gen Loss 0.020, Disc Loss: 100.000
[2024-07-12 11:19] Epoch: 0, Train Step: 257/2000000, Bsz = 16, Gen Loss 0.022, Disc Loss: 100.000
[2024-07-12 11:19] Epoch: 0, Train Step: 258/2000000, Bsz = 16, Gen Loss 0.017, Disc Loss: 100.000
[2024-07-12 11:19] Epoch: 0, Train Step: 259/2000000, Bsz = 16, Gen Loss 0.022, Disc Loss: 100.000
[2024-07-12 11:19] Epoch: 0, Train Step: 260/2000000, Bsz = 16, Gen Loss 0.018, Disc Loss: 100.000
[2024-07-12 11:19] Epoch: 0, Train Step: 261/2000000, Bsz = 16, Gen Loss 0.018, Disc Loss: 100.000
[2024-07-12 11:19] Epoch: 0, Train Step: 262/2000000, Bsz = 16, Gen Loss 0.019, Disc Loss: 100.000
[2024-07-12 11:19] Epoch: 0, Train Step: 263/2000000, Bsz = 16, Gen Loss 0.018, Disc Loss: 100.000
[2024-07-12 11:19] Epoch: 0, Train Step: 264/2000000, Bsz = 16, Gen Loss 0.018, Disc Loss: 100.000
[2024-07-12 11:19] Epoch: 0, Train Step: 265/2000000, Bsz = 16, Gen Loss 0.015, Disc Loss: 100.000
[2024-07-12 11:19] Epoch: 0, Train Step: 266/2000000, Bsz = 16, Gen Loss 0.016, Disc Loss: 100.000
[2024-07-12 11:19] Epoch: 0, Train Step: 267/2000000, Bsz = 16, Gen Loss 0.020, Disc Loss: 100.000
[2024-07-12 11:19] Epoch: 0, Train Step: 268/2000000, Bsz = 16, Gen Loss 0.016, Disc Loss: 100.000
[2024-07-12 11:19] Epoch: 0, Train Step: 269/2000000, Bsz = 16, Gen Loss 0.015, Disc Loss: 100.000
[2024-07-12 11:19] Epoch: 0, Train Step: 270/2000000, Bsz = 16, Gen Loss 0.022, Disc Loss: 100.000
[2024-07-12 11:19] Epoch: 0, Train Step: 271/2000000, Bsz = 16, Gen Loss 0.016, Disc Loss: 100.000
[2024-07-12 11:19] Epoch: 0, Train Step: 272/2000000, Bsz = 16, Gen Loss 0.016, Disc Loss: 100.000
[2024-07-12 11:19] Epoch: 0, Train Step: 273/2000000, Bsz = 16, Gen Loss 0.016, Disc Loss: 100.000
[2024-07-12 11:19] Epoch: 0, Train Step: 274/2000000, Bsz = 16, Gen Loss 0.016, Disc Loss: 100.000
[2024-07-12 11:19] Epoch: 0, Train Step: 275/2000000, Bsz = 16, Gen Loss 0.014, Disc Loss: 100.000
[2024-07-12 11:19] Epoch: 0, Train Step: 276/2000000, Bsz = 16, Gen Loss 0.016, Disc Loss: 100.000
[2024-07-12 11:19] Epoch: 0, Train Step: 277/2000000, Bsz = 16, Gen Loss 0.017, Disc Loss: 100.000
[2024-07-12 11:19] Epoch: 0, Train Step: 278/2000000, Bsz = 16, Gen Loss 0.018, Disc Loss: 100.000
[2024-07-12 11:19] Epoch: 0, Train Step: 279/2000000, Bsz = 16, Gen Loss 0.019, Disc Loss: 100.000
[2024-07-12 11:19] Epoch: 0, Train Step: 280/2000000, Bsz = 16, Gen Loss 0.019, Disc Loss: 100.000
[2024-07-12 11:19] Epoch: 0, Train Step: 281/2000000, Bsz = 16, Gen Loss 0.019, Disc Loss: 100.000
[2024-07-12 11:19] Epoch: 0, Train Step: 282/2000000, Bsz = 16, Gen Loss 0.018, Disc Loss: 100.000
[2024-07-12 11:19] Epoch: 0, Train Step: 283/2000000, Bsz = 16, Gen Loss 0.013, Disc Loss: 100.000
[2024-07-12 11:19] Epoch: 0, Train Step: 284/2000000, Bsz = 16, Gen Loss 0.026, Disc Loss: 100.000
[2024-07-12 11:19] Epoch: 0, Train Step: 285/2000000, Bsz = 16, Gen Loss 0.026, Disc Loss: 100.000
[2024-07-12 11:19] Epoch: 0, Train Step: 286/2000000, Bsz = 16, Gen Loss 0.015, Disc Loss: 100.000
[2024-07-12 11:20] Epoch: 0, Train Step: 287/2000000, Bsz = 16, Gen Loss 0.020, Disc Loss: 100.000
[2024-07-12 11:20] Epoch: 0, Train Step: 288/2000000, Bsz = 16, Gen Loss 0.022, Disc Loss: 100.000
[2024-07-12 11:20] Epoch: 0, Train Step: 289/2000000, Bsz = 16, Gen Loss 0.018, Disc Loss: 100.000
[2024-07-12 11:20] Epoch: 0, Train Step: 290/2000000, Bsz = 16, Gen Loss 0.018, Disc Loss: 100.000
[2024-07-12 11:20] Epoch: 0, Train Step: 291/2000000, Bsz = 16, Gen Loss 0.013, Disc Loss: 100.000
[2024-07-12 11:20] Epoch: 0, Train Step: 292/2000000, Bsz = 16, Gen Loss 0.018, Disc Loss: 100.000
[2024-07-12 11:20] Epoch: 0, Train Step: 293/2000000, Bsz = 16, Gen Loss 0.023, Disc Loss: 100.000
[2024-07-12 11:20] Epoch: 0, Train Step: 294/2000000, Bsz = 16, Gen Loss 0.019, Disc Loss: 100.000
[2024-07-12 11:20] Epoch: 0, Train Step: 295/2000000, Bsz = 16, Gen Loss 0.017, Disc Loss: 100.000
[2024-07-12 11:20] Epoch: 0, Train Step: 296/2000000, Bsz = 16, Gen Loss 0.019, Disc Loss: 100.000
[2024-07-12 11:20] Epoch: 0, Train Step: 297/2000000, Bsz = 16, Gen Loss 0.021, Disc Loss: 100.000
[2024-07-12 11:20] Epoch: 0, Train Step: 298/2000000, Bsz = 16, Gen Loss 0.015, Disc Loss: 100.000
[2024-07-12 11:20] Epoch: 0, Train Step: 299/2000000, Bsz = 16, Gen Loss 0.016, Disc Loss: 100.000
[2024-07-12 11:20] Epoch: 0, Train Step: 300/2000000, Bsz = 16, Gen Loss 0.022, Disc Loss: 100.000
[2024-07-12 11:20] Epoch: 0, Train Step: 301/2000000, Bsz = 16, Gen Loss 0.015, Disc Loss: 100.000
[2024-07-12 11:20] Epoch: 0, Train Step: 302/2000000, Bsz = 16, Gen Loss 0.022, Disc Loss: 100.000
[2024-07-12 11:20] Epoch: 0, Train Step: 303/2000000, Bsz = 16, Gen Loss 0.017, Disc Loss: 100.000
[2024-07-12 11:20] Epoch: 0, Train Step: 304/2000000, Bsz = 16, Gen Loss 0.021, Disc Loss: 100.000
[2024-07-12 11:20] Epoch: 0, Train Step: 305/2000000, Bsz = 16, Gen Loss 0.017, Disc Loss: 100.000
[2024-07-12 11:20] Epoch: 0, Train Step: 306/2000000, Bsz = 16, Gen Loss 0.020, Disc Loss: 100.000
[2024-07-12 11:20] Epoch: 0, Train Step: 307/2000000, Bsz = 16, Gen Loss 0.018, Disc Loss: 100.000
[2024-07-12 11:20] Epoch: 0, Train Step: 308/2000000, Bsz = 16, Gen Loss 0.015, Disc Loss: 100.000
[2024-07-12 11:20] Epoch: 0, Train Step: 309/2000000, Bsz = 16, Gen Loss 0.015, Disc Loss: 100.000
[2024-07-12 11:20] Epoch: 0, Train Step: 310/2000000, Bsz = 16, Gen Loss 0.016, Disc Loss: 100.000
[2024-07-12 11:20] Epoch: 0, Train Step: 311/2000000, Bsz = 16, Gen Loss 0.018, Disc Loss: 100.000
[2024-07-12 11:20] Epoch: 0, Train Step: 312/2000000, Bsz = 16, Gen Loss 0.015, Disc Loss: 100.000
[2024-07-12 11:20] Epoch: 0, Train Step: 313/2000000, Bsz = 16, Gen Loss 0.017, Disc Loss: 100.000
[2024-07-12 11:20] Epoch: 0, Train Step: 314/2000000, Bsz = 16, Gen Loss 0.016, Disc Loss: 100.000
[2024-07-12 11:20] Epoch: 0, Train Step: 315/2000000, Bsz = 16, Gen Loss 0.018, Disc Loss: 100.000
[2024-07-12 11:20] Epoch: 0, Train Step: 316/2000000, Bsz = 16, Gen Loss 0.016, Disc Loss: 100.000
[2024-07-12 11:20] Epoch: 0, Train Step: 317/2000000, Bsz = 16, Gen Loss 0.016, Disc Loss: 100.000
[2024-07-12 11:20] Epoch: 0, Train Step: 318/2000000, Bsz = 16, Gen Loss 0.017, Disc Loss: 100.000
[2024-07-12 11:20] Epoch: 0, Train Step: 319/2000000, Bsz = 16, Gen Loss 0.016, Disc Loss: 100.000
[2024-07-12 11:20] Epoch: 0, Train Step: 320/2000000, Bsz = 16, Gen Loss 0.014, Disc Loss: 100.000
[2024-07-12 11:20] Epoch: 0, Train Step: 321/2000000, Bsz = 16, Gen Loss 0.014, Disc Loss: 100.000
[2024-07-12 11:20] Epoch: 0, Train Step: 322/2000000, Bsz = 16, Gen Loss 0.014, Disc Loss: 100.000
[2024-07-12 11:20] Epoch: 0, Train Step: 323/2000000, Bsz = 16, Gen Loss 0.015, Disc Loss: 100.000
[2024-07-12 11:20] Epoch: 0, Train Step: 324/2000000, Bsz = 16, Gen Loss 0.014, Disc Loss: 100.000
[2024-07-12 11:20] Epoch: 0, Train Step: 325/2000000, Bsz = 16, Gen Loss 0.016, Disc Loss: 100.000
[2024-07-12 11:20] Epoch: 0, Train Step: 326/2000000, Bsz = 16, Gen Loss 0.014, Disc Loss: 100.000
[2024-07-12 11:20] Epoch: 0, Train Step: 327/2000000, Bsz = 16, Gen Loss 0.013, Disc Loss: 100.000
[2024-07-12 11:20] Epoch: 0, Train Step: 328/2000000, Bsz = 16, Gen Loss 0.014, Disc Loss: 100.000
[2024-07-12 11:20] Epoch: 0, Train Step: 329/2000000, Bsz = 16, Gen Loss 0.013, Disc Loss: 100.000
[2024-07-12 11:20] Epoch: 0, Train Step: 330/2000000, Bsz = 16, Gen Loss 0.015, Disc Loss: 100.000
[2024-07-12 11:20] Epoch: 0, Train Step: 331/2000000, Bsz = 16, Gen Loss 0.014, Disc Loss: 100.000
[2024-07-12 11:20] Epoch: 0, Train Step: 332/2000000, Bsz = 16, Gen Loss 0.014, Disc Loss: 100.000
[2024-07-12 11:20] Epoch: 0, Train Step: 333/2000000, Bsz = 16, Gen Loss 0.014, Disc Loss: 100.000
[2024-07-12 11:20] Epoch: 0, Train Step: 334/2000000, Bsz = 16, Gen Loss 0.016, Disc Loss: 100.000
[2024-07-12 11:20] Epoch: 0, Train Step: 335/2000000, Bsz = 16, Gen Loss 0.016, Disc Loss: 100.000
[2024-07-12 11:20] Epoch: 0, Train Step: 336/2000000, Bsz = 16, Gen Loss 0.015, Disc Loss: 100.000
[2024-07-12 11:20] Epoch: 0, Train Step: 337/2000000, Bsz = 16, Gen Loss 0.015, Disc Loss: 100.000
[2024-07-12 11:20] Epoch: 0, Train Step: 338/2000000, Bsz = 16, Gen Loss 0.014, Disc Loss: 100.000
[2024-07-12 11:20] Epoch: 0, Train Step: 339/2000000, Bsz = 16, Gen Loss 0.013, Disc Loss: 100.000
[2024-07-12 11:20] Epoch: 0, Train Step: 340/2000000, Bsz = 16, Gen Loss 0.013, Disc Loss: 100.000
[2024-07-12 11:20] Epoch: 0, Train Step: 341/2000000, Bsz = 16, Gen Loss 0.016, Disc Loss: 100.000
[2024-07-12 11:20] Epoch: 0, Train Step: 342/2000000, Bsz = 16, Gen Loss 0.012, Disc Loss: 100.000
[2024-07-12 11:20] Epoch: 0, Train Step: 343/2000000, Bsz = 16, Gen Loss 0.015, Disc Loss: 100.000
[2024-07-12 11:20] Epoch: 0, Train Step: 344/2000000, Bsz = 16, Gen Loss 0.017, Disc Loss: 100.000
[2024-07-12 11:20] Epoch: 0, Train Step: 345/2000000, Bsz = 16, Gen Loss 0.017, Disc Loss: 100.000
[2024-07-12 11:20] Epoch: 0, Train Step: 346/2000000, Bsz = 16, Gen Loss 0.015, Disc Loss: 100.000
[2024-07-12 11:20] Epoch: 0, Train Step: 347/2000000, Bsz = 16, Gen Loss 0.019, Disc Loss: 100.000
[2024-07-12 11:20] Epoch: 0, Train Step: 348/2000000, Bsz = 16, Gen Loss 0.014, Disc Loss: 100.000
[2024-07-12 11:20] Epoch: 0, Train Step: 349/2000000, Bsz = 16, Gen Loss 0.014, Disc Loss: 100.000
[2024-07-12 11:20] Epoch: 0, Train Step: 350/2000000, Bsz = 16, Gen Loss 0.021, Disc Loss: 100.000
[2024-07-12 11:20] Epoch: 0, Train Step: 351/2000000, Bsz = 16, Gen Loss 0.014, Disc Loss: 100.000
[2024-07-12 11:20] Epoch: 0, Train Step: 352/2000000, Bsz = 16, Gen Loss 0.013, Disc Loss: 100.000
[2024-07-12 11:20] Epoch: 0, Train Step: 353/2000000, Bsz = 16, Gen Loss 0.012, Disc Loss: 100.000
[2024-07-12 11:20] Epoch: 0, Train Step: 354/2000000, Bsz = 16, Gen Loss 0.015, Disc Loss: 100.000
[2024-07-12 11:20] Epoch: 0, Train Step: 355/2000000, Bsz = 16, Gen Loss 0.014, Disc Loss: 100.000
[2024-07-12 11:20] Epoch: 0, Train Step: 356/2000000, Bsz = 16, Gen Loss 0.013, Disc Loss: 100.000
[2024-07-12 11:20] Epoch: 0, Train Step: 357/2000000, Bsz = 16, Gen Loss 0.015, Disc Loss: 100.000
[2024-07-12 11:20] Epoch: 0, Train Step: 358/2000000, Bsz = 16, Gen Loss 0.014, Disc Loss: 100.000
[2024-07-12 11:20] Epoch: 0, Train Step: 359/2000000, Bsz = 16, Gen Loss 0.015, Disc Loss: 100.000
[2024-07-12 11:20] Epoch: 0, Train Step: 360/2000000, Bsz = 16, Gen Loss 0.012, Disc Loss: 100.000
[2024-07-12 11:20] Epoch: 0, Train Step: 361/2000000, Bsz = 16, Gen Loss 0.013, Disc Loss: 100.000
[2024-07-12 11:21] Epoch: 0, Train Step: 362/2000000, Bsz = 16, Gen Loss 0.013, Disc Loss: 100.000
[2024-07-12 11:21] Epoch: 0, Train Step: 363/2000000, Bsz = 16, Gen Loss 0.013, Disc Loss: 100.000
[2024-07-12 11:21] Epoch: 0, Train Step: 364/2000000, Bsz = 16, Gen Loss 0.012, Disc Loss: 100.000
[2024-07-12 11:21] Epoch: 0, Train Step: 365/2000000, Bsz = 16, Gen Loss 0.012, Disc Loss: 100.000
[2024-07-12 11:21] Epoch: 0, Train Step: 366/2000000, Bsz = 16, Gen Loss 0.013, Disc Loss: 100.000
[2024-07-12 11:21] Epoch: 0, Train Step: 367/2000000, Bsz = 16, Gen Loss 0.014, Disc Loss: 100.000
[2024-07-12 11:21] Epoch: 0, Train Step: 368/2000000, Bsz = 16, Gen Loss 0.012, Disc Loss: 100.000
[2024-07-12 11:21] Epoch: 0, Train Step: 369/2000000, Bsz = 16, Gen Loss 0.017, Disc Loss: 100.000
[2024-07-12 11:21] Epoch: 0, Train Step: 370/2000000, Bsz = 16, Gen Loss 0.014, Disc Loss: 100.000
[2024-07-12 11:21] Epoch: 0, Train Step: 371/2000000, Bsz = 16, Gen Loss 0.013, Disc Loss: 100.000
[2024-07-12 11:21] Epoch: 0, Train Step: 372/2000000, Bsz = 16, Gen Loss 0.012, Disc Loss: 100.000
[2024-07-12 11:21] Epoch: 0, Train Step: 373/2000000, Bsz = 16, Gen Loss 0.016, Disc Loss: 100.000
[2024-07-12 11:21] Epoch: 0, Train Step: 374/2000000, Bsz = 16, Gen Loss 0.014, Disc Loss: 100.000
[2024-07-12 11:21] Epoch: 0, Train Step: 375/2000000, Bsz = 16, Gen Loss 0.013, Disc Loss: 100.000
[2024-07-12 11:21] Epoch: 0, Train Step: 376/2000000, Bsz = 16, Gen Loss 0.013, Disc Loss: 100.000
[2024-07-12 11:21] Epoch: 0, Train Step: 377/2000000, Bsz = 16, Gen Loss 0.014, Disc Loss: 100.000
[2024-07-12 11:21] Epoch: 0, Train Step: 378/2000000, Bsz = 16, Gen Loss 0.013, Disc Loss: 100.000
[2024-07-12 11:21] Epoch: 0, Train Step: 379/2000000, Bsz = 16, Gen Loss 0.016, Disc Loss: 100.000
[2024-07-12 11:21] Epoch: 0, Train Step: 380/2000000, Bsz = 16, Gen Loss 0.013, Disc Loss: 100.000
[2024-07-12 11:21] Epoch: 0, Train Step: 381/2000000, Bsz = 16, Gen Loss 0.012, Disc Loss: 100.000
[2024-07-12 11:21] Epoch: 0, Train Step: 382/2000000, Bsz = 16, Gen Loss 0.013, Disc Loss: 100.000
[2024-07-12 11:21] Epoch: 0, Train Step: 383/2000000, Bsz = 16, Gen Loss 0.015, Disc Loss: 100.000
[2024-07-12 11:21] Epoch: 0, Train Step: 384/2000000, Bsz = 16, Gen Loss 0.015, Disc Loss: 100.000
[2024-07-12 11:21] Epoch: 0, Train Step: 385/2000000, Bsz = 16, Gen Loss 0.014, Disc Loss: 100.000
[2024-07-12 11:21] Epoch: 0, Train Step: 386/2000000, Bsz = 16, Gen Loss 0.010, Disc Loss: 100.000
[2024-07-12 11:21] Epoch: 0, Train Step: 387/2000000, Bsz = 16, Gen Loss 0.017, Disc Loss: 100.000
[2024-07-12 11:21] Epoch: 0, Train Step: 388/2000000, Bsz = 16, Gen Loss 0.015, Disc Loss: 100.000
[2024-07-12 11:21] Epoch: 0, Train Step: 389/2000000, Bsz = 16, Gen Loss 0.012, Disc Loss: 100.000
[2024-07-12 11:21] Epoch: 0, Train Step: 390/2000000, Bsz = 16, Gen Loss 0.014, Disc Loss: 100.000
[2024-07-12 11:21] Epoch: 0, Train Step: 391/2000000, Bsz = 16, Gen Loss 0.015, Disc Loss: 100.000
[2024-07-12 11:21] Epoch: 0, Train Step: 392/2000000, Bsz = 16, Gen Loss 0.014, Disc Loss: 100.000
[2024-07-12 11:21] Epoch: 0, Train Step: 393/2000000, Bsz = 16, Gen Loss 0.014, Disc Loss: 100.000
[2024-07-12 11:21] Epoch: 0, Train Step: 394/2000000, Bsz = 16, Gen Loss 0.013, Disc Loss: 100.000
[2024-07-12 11:21] Epoch: 0, Train Step: 395/2000000, Bsz = 16, Gen Loss 0.012, Disc Loss: 100.000
[2024-07-12 11:21] Epoch: 0, Train Step: 396/2000000, Bsz = 16, Gen Loss 0.013, Disc Loss: 100.000
[2024-07-12 11:21] Epoch: 0, Train Step: 397/2000000, Bsz = 16, Gen Loss 0.012, Disc Loss: 100.000
[2024-07-12 11:21] Epoch: 0, Train Step: 398/2000000, Bsz = 16, Gen Loss 0.014, Disc Loss: 100.000
[2024-07-12 11:21] Epoch: 0, Train Step: 399/2000000, Bsz = 16, Gen Loss 0.012, Disc Loss: 100.000
[2024-07-12 11:21] Epoch: 0, Train Step: 400/2000000, Bsz = 16, Gen Loss 0.013, Disc Loss: 100.000
Time Fwd pass: 0.035137162543833256
tensor(0.7648, device='cuda:0') tensor(-0.2721, device='cuda:0') tensor(0.7877, device='cuda:0') tensor(0.0011, device='cuda:0')
[2024-07-12 11:21] Epoch: 0, Train Step: 401/2000000, Bsz = 16, Gen Loss 0.014, Disc Loss: 100.000
[2024-07-12 11:21] Epoch: 0, Train Step: 402/2000000, Bsz = 16, Gen Loss 0.012, Disc Loss: 100.000
[2024-07-12 11:21] Epoch: 0, Train Step: 403/2000000, Bsz = 16, Gen Loss 0.013, Disc Loss: 100.000
[2024-07-12 11:21] Epoch: 0, Train Step: 404/2000000, Bsz = 16, Gen Loss 0.017, Disc Loss: 100.000
[2024-07-12 11:21] Epoch: 0, Train Step: 405/2000000, Bsz = 16, Gen Loss 0.012, Disc Loss: 100.000
[2024-07-12 11:21] Epoch: 0, Train Step: 406/2000000, Bsz = 16, Gen Loss 0.014, Disc Loss: 100.000
[2024-07-12 11:21] Epoch: 0, Train Step: 407/2000000, Bsz = 16, Gen Loss 0.012, Disc Loss: 100.000
[2024-07-12 11:21] Epoch: 0, Train Step: 408/2000000, Bsz = 16, Gen Loss 0.013, Disc Loss: 100.000
[2024-07-12 11:21] Epoch: 0, Train Step: 409/2000000, Bsz = 16, Gen Loss 0.011, Disc Loss: 100.000
[2024-07-12 11:21] Epoch: 0, Train Step: 410/2000000, Bsz = 16, Gen Loss 0.017, Disc Loss: 100.000
[2024-07-12 11:21] Epoch: 0, Train Step: 411/2000000, Bsz = 16, Gen Loss 0.014, Disc Loss: 100.000
[2024-07-12 11:21] Epoch: 0, Train Step: 412/2000000, Bsz = 16, Gen Loss 0.015, Disc Loss: 100.000
[2024-07-12 11:21] Epoch: 0, Train Step: 413/2000000, Bsz = 16, Gen Loss 0.013, Disc Loss: 100.000
[2024-07-12 11:21] Epoch: 0, Train Step: 414/2000000, Bsz = 16, Gen Loss 0.015, Disc Loss: 100.000
[2024-07-12 11:21] Epoch: 0, Train Step: 415/2000000, Bsz = 16, Gen Loss 0.013, Disc Loss: 100.000
[2024-07-12 11:21] Epoch: 0, Train Step: 416/2000000, Bsz = 16, Gen Loss 0.014, Disc Loss: 100.000
[2024-07-12 11:21] Epoch: 0, Train Step: 417/2000000, Bsz = 16, Gen Loss 0.013, Disc Loss: 100.000
[2024-07-12 11:21] Epoch: 0, Train Step: 418/2000000, Bsz = 16, Gen Loss 0.012, Disc Loss: 100.000
[2024-07-12 11:21] Epoch: 0, Train Step: 419/2000000, Bsz = 16, Gen Loss 0.013, Disc Loss: 100.000
[2024-07-12 11:21] Epoch: 0, Train Step: 420/2000000, Bsz = 16, Gen Loss 0.010, Disc Loss: 100.000
[2024-07-12 11:21] Epoch: 0, Train Step: 421/2000000, Bsz = 16, Gen Loss 0.012, Disc Loss: 100.000
[2024-07-12 11:21] Epoch: 0, Train Step: 422/2000000, Bsz = 16, Gen Loss 0.012, Disc Loss: 100.000
[2024-07-12 11:21] Epoch: 0, Train Step: 423/2000000, Bsz = 16, Gen Loss 0.013, Disc Loss: 100.000
[2024-07-12 11:21] Epoch: 0, Train Step: 424/2000000, Bsz = 16, Gen Loss 0.014, Disc Loss: 100.000
[2024-07-12 11:21] Epoch: 0, Train Step: 425/2000000, Bsz = 16, Gen Loss 0.015, Disc Loss: 100.000
[2024-07-12 11:21] Epoch: 0, Train Step: 426/2000000, Bsz = 16, Gen Loss 0.014, Disc Loss: 100.000
[2024-07-12 11:21] Epoch: 0, Train Step: 427/2000000, Bsz = 16, Gen Loss 0.014, Disc Loss: 100.000
[2024-07-12 11:21] Epoch: 0, Train Step: 428/2000000, Bsz = 16, Gen Loss 0.014, Disc Loss: 100.000
[2024-07-12 11:21] Epoch: 0, Train Step: 429/2000000, Bsz = 16, Gen Loss 0.010, Disc Loss: 100.000
[2024-07-12 11:21] Epoch: 0, Train Step: 430/2000000, Bsz = 16, Gen Loss 0.012, Disc Loss: 100.000
[2024-07-12 11:21] Epoch: 0, Train Step: 431/2000000, Bsz = 16, Gen Loss 0.010, Disc Loss: 100.000
[2024-07-12 11:21] Epoch: 0, Train Step: 432/2000000, Bsz = 16, Gen Loss 0.010, Disc Loss: 100.000
[2024-07-12 11:21] Epoch: 0, Train Step: 433/2000000, Bsz = 16, Gen Loss 0.012, Disc Loss: 100.000
[2024-07-12 11:22] Epoch: 0, Train Step: 434/2000000, Bsz = 16, Gen Loss 0.012, Disc Loss: 100.000
[2024-07-12 11:22] Epoch: 0, Train Step: 435/2000000, Bsz = 16, Gen Loss 0.010, Disc Loss: 100.000
[2024-07-12 11:22] Epoch: 0, Train Step: 436/2000000, Bsz = 16, Gen Loss 0.013, Disc Loss: 100.000
[2024-07-12 11:22] Epoch: 0, Train Step: 437/2000000, Bsz = 16, Gen Loss 0.013, Disc Loss: 100.000
[2024-07-12 11:22] Epoch: 0, Train Step: 438/2000000, Bsz = 16, Gen Loss 0.016, Disc Loss: 100.000
[2024-07-12 11:22] Epoch: 0, Train Step: 439/2000000, Bsz = 16, Gen Loss 0.014, Disc Loss: 100.000
[2024-07-12 11:22] Epoch: 0, Train Step: 440/2000000, Bsz = 16, Gen Loss 0.012, Disc Loss: 100.000
[2024-07-12 11:22] Epoch: 0, Train Step: 441/2000000, Bsz = 16, Gen Loss 0.013, Disc Loss: 100.000
[2024-07-12 11:22] Epoch: 0, Train Step: 442/2000000, Bsz = 16, Gen Loss 0.014, Disc Loss: 100.000
[2024-07-12 11:22] Epoch: 0, Train Step: 443/2000000, Bsz = 16, Gen Loss 0.014, Disc Loss: 100.000
[2024-07-12 11:22] Epoch: 0, Train Step: 444/2000000, Bsz = 16, Gen Loss 0.014, Disc Loss: 100.000
[2024-07-12 11:22] Epoch: 0, Train Step: 445/2000000, Bsz = 16, Gen Loss 0.013, Disc Loss: 100.000
[2024-07-12 11:22] Epoch: 0, Train Step: 446/2000000, Bsz = 16, Gen Loss 0.014, Disc Loss: 100.000
[2024-07-12 11:22] Epoch: 0, Train Step: 447/2000000, Bsz = 16, Gen Loss 0.014, Disc Loss: 100.000
[2024-07-12 11:22] Epoch: 0, Train Step: 448/2000000, Bsz = 16, Gen Loss 0.015, Disc Loss: 100.000
[2024-07-12 11:22] Epoch: 0, Train Step: 449/2000000, Bsz = 16, Gen Loss 0.011, Disc Loss: 100.000
[2024-07-12 11:22] Epoch: 0, Train Step: 450/2000000, Bsz = 16, Gen Loss 0.013, Disc Loss: 100.000
[2024-07-12 11:22] Epoch: 0, Train Step: 451/2000000, Bsz = 16, Gen Loss 0.012, Disc Loss: 100.000
[2024-07-12 11:22] Epoch: 0, Train Step: 452/2000000, Bsz = 16, Gen Loss 0.014, Disc Loss: 100.000
[2024-07-12 11:22] Epoch: 0, Train Step: 453/2000000, Bsz = 16, Gen Loss 0.011, Disc Loss: 100.000
[2024-07-12 11:22] Epoch: 0, Train Step: 454/2000000, Bsz = 16, Gen Loss 0.013, Disc Loss: 100.000
[2024-07-12 11:22] Epoch: 0, Train Step: 455/2000000, Bsz = 16, Gen Loss 0.012, Disc Loss: 100.000
[2024-07-12 11:22] Epoch: 0, Train Step: 456/2000000, Bsz = 16, Gen Loss 0.013, Disc Loss: 100.000
[2024-07-12 11:22] Epoch: 0, Train Step: 457/2000000, Bsz = 16, Gen Loss 0.012, Disc Loss: 100.000
[2024-07-12 11:22] Epoch: 0, Train Step: 458/2000000, Bsz = 16, Gen Loss 0.012, Disc Loss: 100.000
[2024-07-12 11:22] Epoch: 0, Train Step: 459/2000000, Bsz = 16, Gen Loss 0.014, Disc Loss: 100.000
[2024-07-12 11:22] Epoch: 0, Train Step: 460/2000000, Bsz = 16, Gen Loss 0.013, Disc Loss: 100.000
[2024-07-12 11:22] Epoch: 0, Train Step: 461/2000000, Bsz = 16, Gen Loss 0.010, Disc Loss: 100.000
[2024-07-12 11:22] Epoch: 0, Train Step: 462/2000000, Bsz = 16, Gen Loss 0.013, Disc Loss: 100.000
[2024-07-12 11:22] Epoch: 0, Train Step: 463/2000000, Bsz = 16, Gen Loss 0.014, Disc Loss: 100.000
[2024-07-12 11:22] Epoch: 0, Train Step: 464/2000000, Bsz = 16, Gen Loss 0.013, Disc Loss: 100.000
[2024-07-12 11:22] Epoch: 0, Train Step: 465/2000000, Bsz = 16, Gen Loss 0.011, Disc Loss: 100.000
[2024-07-12 11:22] Epoch: 0, Train Step: 466/2000000, Bsz = 16, Gen Loss 0.012, Disc Loss: 100.000
[2024-07-12 11:22] Epoch: 0, Train Step: 467/2000000, Bsz = 16, Gen Loss 0.010, Disc Loss: 100.000
[2024-07-12 11:22] Epoch: 0, Train Step: 468/2000000, Bsz = 16, Gen Loss 0.011, Disc Loss: 100.000
[2024-07-12 11:22] Epoch: 0, Train Step: 469/2000000, Bsz = 16, Gen Loss 0.011, Disc Loss: 100.000
[2024-07-12 11:22] Epoch: 0, Train Step: 470/2000000, Bsz = 16, Gen Loss 0.015, Disc Loss: 100.000
[2024-07-12 11:22] Epoch: 0, Train Step: 471/2000000, Bsz = 16, Gen Loss 0.012, Disc Loss: 100.000
[2024-07-12 11:22] Epoch: 0, Train Step: 472/2000000, Bsz = 16, Gen Loss 0.012, Disc Loss: 100.000
[2024-07-12 11:22] Epoch: 0, Train Step: 473/2000000, Bsz = 16, Gen Loss 0.013, Disc Loss: 100.000
[2024-07-12 11:22] Epoch: 0, Train Step: 474/2000000, Bsz = 16, Gen Loss 0.011, Disc Loss: 100.000
[2024-07-12 11:22] Epoch: 0, Train Step: 475/2000000, Bsz = 16, Gen Loss 0.015, Disc Loss: 100.000
[2024-07-12 11:22] Epoch: 0, Train Step: 476/2000000, Bsz = 16, Gen Loss 0.013, Disc Loss: 100.000
[2024-07-12 11:22] Epoch: 0, Train Step: 477/2000000, Bsz = 16, Gen Loss 0.011, Disc Loss: 100.000
[2024-07-12 11:22] Epoch: 0, Train Step: 478/2000000, Bsz = 16, Gen Loss 0.012, Disc Loss: 100.000
[2024-07-12 11:22] Epoch: 0, Train Step: 479/2000000, Bsz = 16, Gen Loss 0.013, Disc Loss: 100.000
[2024-07-12 11:22] Epoch: 0, Train Step: 480/2000000, Bsz = 16, Gen Loss 0.012, Disc Loss: 100.000
[2024-07-12 11:22] Epoch: 0, Train Step: 481/2000000, Bsz = 16, Gen Loss 0.010, Disc Loss: 100.000
[2024-07-12 11:22] Epoch: 0, Train Step: 482/2000000, Bsz = 16, Gen Loss 0.014, Disc Loss: 100.000
[2024-07-12 11:22] Epoch: 0, Train Step: 483/2000000, Bsz = 16, Gen Loss 0.012, Disc Loss: 100.000
[2024-07-12 11:22] Epoch: 0, Train Step: 484/2000000, Bsz = 16, Gen Loss 0.012, Disc Loss: 100.000
[2024-07-12 11:22] Epoch: 0, Train Step: 485/2000000, Bsz = 16, Gen Loss 0.010, Disc Loss: 100.000
[2024-07-12 11:22] Epoch: 0, Train Step: 486/2000000, Bsz = 16, Gen Loss 0.010, Disc Loss: 100.000
[2024-07-12 11:22] Epoch: 0, Train Step: 487/2000000, Bsz = 16, Gen Loss 0.015, Disc Loss: 100.000
[2024-07-12 11:22] Epoch: 0, Train Step: 488/2000000, Bsz = 16, Gen Loss 0.014, Disc Loss: 100.000
[2024-07-12 11:22] Epoch: 0, Train Step: 489/2000000, Bsz = 16, Gen Loss 0.011, Disc Loss: 100.000
[2024-07-12 11:22] Epoch: 0, Train Step: 490/2000000, Bsz = 16, Gen Loss 0.013, Disc Loss: 100.000
[2024-07-12 11:22] Epoch: 0, Train Step: 491/2000000, Bsz = 16, Gen Loss 0.014, Disc Loss: 100.000
[2024-07-12 11:22] Epoch: 0, Train Step: 492/2000000, Bsz = 16, Gen Loss 0.012, Disc Loss: 100.000
[2024-07-12 11:22] Epoch: 0, Train Step: 493/2000000, Bsz = 16, Gen Loss 0.011, Disc Loss: 100.000
[2024-07-12 11:22] Epoch: 0, Train Step: 494/2000000, Bsz = 16, Gen Loss 0.008, Disc Loss: 100.000
[2024-07-12 11:22] Epoch: 0, Train Step: 495/2000000, Bsz = 16, Gen Loss 0.009, Disc Loss: 100.000
[2024-07-12 11:22] Epoch: 0, Train Step: 496/2000000, Bsz = 16, Gen Loss 0.014, Disc Loss: 100.000
[2024-07-12 11:22] Epoch: 0, Train Step: 497/2000000, Bsz = 16, Gen Loss 0.011, Disc Loss: 100.000
[2024-07-12 11:22] Epoch: 0, Train Step: 498/2000000, Bsz = 16, Gen Loss 0.010, Disc Loss: 100.000
[2024-07-12 11:22] Epoch: 0, Train Step: 499/2000000, Bsz = 16, Gen Loss 0.014, Disc Loss: 100.000
[2024-07-12 11:22] Epoch: 0, Train Step: 500/2000000, Bsz = 16, Gen Loss 0.012, Disc Loss: 100.000
Validating model ... 
Time Fwd pass: 0.035095867700874805
tensor(0.6172, device='cuda:0') tensor(-0.1807, device='cuda:0') tensor(0.9274, device='cuda:0') tensor(0.0013, device='cuda:0')
Time Fwd pass: 0.03511854447424412
tensor(0.7258, device='cuda:0') tensor(-0.1989, device='cuda:0') tensor(0.7749, device='cuda:0') tensor(0.0024, device='cuda:0')
Time Fwd pass: 0.037070262245833874
tensor(0.6032, device='cuda:0') tensor(-0.2291, device='cuda:0') tensor(0.6890, device='cuda:0') tensor(0.0025, device='cuda:0')
Time Fwd pass: 0.03500300273299217
tensor(0.6746, device='cuda:0') tensor(-0.2251, device='cuda:0') tensor(0.7859, device='cuda:0') tensor(0.0043, device='cuda:0')
Time Fwd pass: 0.03726597875356674
tensor(0.7275, device='cuda:0') tensor(-0.3244, device='cuda:0') tensor(0.8411, device='cuda:0') tensor(0.0025, device='cuda:0')
Time Fwd pass: 0.03548877499997616
tensor(0.6610, device='cuda:0') tensor(-0.1929, device='cuda:0') tensor(0.7957, device='cuda:0') tensor(0.0054, device='cuda:0')
Time Fwd pass: 0.035106088034808636
tensor(0.6421, device='cuda:0') tensor(-0.1884, device='cuda:0') tensor(0.7877, device='cuda:0') tensor(0.0026, device='cuda:0')
Time Fwd pass: 0.036999587900936604
tensor(0.7058, device='cuda:0') tensor(-0.1567, device='cuda:0') tensor(0.6450, device='cuda:0') tensor(0.0009, device='cuda:0')
Time Fwd pass: 0.035031700506806374
tensor(0.6370, device='cuda:0') tensor(-0.2361, device='cuda:0') tensor(0.5817, device='cuda:0') tensor(0.0018, device='cuda:0')
Time Fwd pass: 0.03503110818564892
tensor(0.6129, device='cuda:0') tensor(-0.2292, device='cuda:0') tensor(0.6957, device='cuda:0') tensor(0.0007, device='cuda:0')
[2024-07-12 11:23] Epoch: 0, Train Step: 501/2000000, Bsz = 16, Gen Loss 0.013, Disc Loss: 100.000
[2024-07-12 11:23] Epoch: 0, Train Step: 502/2000000, Bsz = 16, Gen Loss 0.010, Disc Loss: 100.000
[2024-07-12 11:23] Epoch: 0, Train Step: 503/2000000, Bsz = 16, Gen Loss 0.009, Disc Loss: 100.000
[2024-07-12 11:23] Epoch: 0, Train Step: 504/2000000, Bsz = 16, Gen Loss 0.020, Disc Loss: 100.000
[2024-07-12 11:23] Epoch: 0, Train Step: 505/2000000, Bsz = 16, Gen Loss 0.010, Disc Loss: 100.000
[2024-07-12 11:23] Epoch: 0, Train Step: 506/2000000, Bsz = 16, Gen Loss 0.013, Disc Loss: 100.000
[2024-07-12 11:23] Epoch: 0, Train Step: 507/2000000, Bsz = 16, Gen Loss 0.015, Disc Loss: 100.000
[2024-07-12 11:23] Epoch: 0, Train Step: 508/2000000, Bsz = 16, Gen Loss 0.016, Disc Loss: 100.000
[2024-07-12 11:23] Epoch: 0, Train Step: 509/2000000, Bsz = 16, Gen Loss 0.012, Disc Loss: 100.000
[2024-07-12 11:23] Epoch: 0, Train Step: 510/2000000, Bsz = 16, Gen Loss 0.011, Disc Loss: 100.000
[2024-07-12 11:23] Epoch: 0, Train Step: 511/2000000, Bsz = 16, Gen Loss 0.017, Disc Loss: 100.000
[2024-07-12 11:23] Epoch: 0, Train Step: 512/2000000, Bsz = 16, Gen Loss 0.011, Disc Loss: 100.000
[2024-07-12 11:23] Epoch: 0, Train Step: 513/2000000, Bsz = 16, Gen Loss 0.011, Disc Loss: 100.000
[2024-07-12 11:23] Epoch: 0, Train Step: 514/2000000, Bsz = 16, Gen Loss 0.011, Disc Loss: 100.000
[2024-07-12 11:23] Epoch: 0, Train Step: 515/2000000, Bsz = 16, Gen Loss 0.009, Disc Loss: 100.000
[2024-07-12 11:23] Epoch: 0, Train Step: 516/2000000, Bsz = 16, Gen Loss 0.014, Disc Loss: 100.000
[2024-07-12 11:23] Epoch: 0, Train Step: 517/2000000, Bsz = 16, Gen Loss 0.010, Disc Loss: 100.000
[2024-07-12 11:23] Epoch: 0, Train Step: 518/2000000, Bsz = 16, Gen Loss 0.010, Disc Loss: 100.000
[2024-07-12 11:23] Epoch: 0, Train Step: 519/2000000, Bsz = 16, Gen Loss 0.010, Disc Loss: 100.000
[2024-07-12 11:23] Epoch: 0, Train Step: 520/2000000, Bsz = 16, Gen Loss 0.011, Disc Loss: 100.000
[2024-07-12 11:23] Epoch: 0, Train Step: 521/2000000, Bsz = 16, Gen Loss 0.011, Disc Loss: 100.000
[2024-07-12 11:23] Epoch: 0, Train Step: 522/2000000, Bsz = 16, Gen Loss 0.011, Disc Loss: 100.000
[2024-07-12 11:23] Epoch: 0, Train Step: 523/2000000, Bsz = 16, Gen Loss 0.012, Disc Loss: 100.000
[2024-07-12 11:23] Epoch: 0, Train Step: 524/2000000, Bsz = 16, Gen Loss 0.011, Disc Loss: 100.000
[2024-07-12 11:23] Epoch: 0, Train Step: 525/2000000, Bsz = 16, Gen Loss 0.013, Disc Loss: 100.000
[2024-07-12 11:23] Epoch: 0, Train Step: 526/2000000, Bsz = 16, Gen Loss 0.013, Disc Loss: 100.000
[2024-07-12 11:23] Epoch: 0, Train Step: 527/2000000, Bsz = 16, Gen Loss 0.011, Disc Loss: 100.000
[2024-07-12 11:23] Epoch: 0, Train Step: 528/2000000, Bsz = 16, Gen Loss 0.012, Disc Loss: 100.000
[2024-07-12 11:23] Epoch: 0, Train Step: 529/2000000, Bsz = 16, Gen Loss 0.011, Disc Loss: 100.000
[2024-07-12 11:23] Epoch: 0, Train Step: 530/2000000, Bsz = 16, Gen Loss 0.014, Disc Loss: 100.000
[2024-07-12 11:23] Epoch: 0, Train Step: 531/2000000, Bsz = 16, Gen Loss 0.010, Disc Loss: 100.000
[2024-07-12 11:23] Epoch: 0, Train Step: 532/2000000, Bsz = 16, Gen Loss 0.012, Disc Loss: 100.000
[2024-07-12 11:23] Epoch: 0, Train Step: 533/2000000, Bsz = 16, Gen Loss 0.012, Disc Loss: 100.000
[2024-07-12 11:23] Epoch: 0, Train Step: 534/2000000, Bsz = 16, Gen Loss 0.010, Disc Loss: 100.000
[2024-07-12 11:23] Epoch: 0, Train Step: 535/2000000, Bsz = 16, Gen Loss 0.011, Disc Loss: 100.000
[2024-07-12 11:23] Epoch: 0, Train Step: 536/2000000, Bsz = 16, Gen Loss 0.011, Disc Loss: 100.000
[2024-07-12 11:23] Epoch: 0, Train Step: 537/2000000, Bsz = 16, Gen Loss 0.011, Disc Loss: 100.000
[2024-07-12 11:23] Epoch: 0, Train Step: 538/2000000, Bsz = 16, Gen Loss 0.012, Disc Loss: 100.000
[2024-07-12 11:23] Epoch: 0, Train Step: 539/2000000, Bsz = 16, Gen Loss 0.012, Disc Loss: 100.000
[2024-07-12 11:23] Epoch: 0, Train Step: 540/2000000, Bsz = 16, Gen Loss 0.010, Disc Loss: 100.000
[2024-07-12 11:23] Epoch: 0, Train Step: 541/2000000, Bsz = 16, Gen Loss 0.012, Disc Loss: 100.000
