
======== GPU REPORT ========

==============NVSMI LOG==============

Timestamp                                 : Thu Nov  9 09:37:12 2023
Driver Version                            : 535.104.12
CUDA Version                              : 12.2

Attached GPUs                             : 2
GPU 00000000:81:00.0
    Accounting Mode                       : Disabled
    Accounting Mode Buffer Size           : 4000
    Accounted Processes                   : None

GPU 00000000:C1:00.0
    Accounting Mode                       : Disabled
    Accounting Mode Buffer Size           : 4000
    Accounted Processes                   : None

Thu Nov  9 09:37:12 2023       
+---------------------------------------------------------------------------------------+
| NVIDIA-SMI 535.104.12             Driver Version: 535.104.12   CUDA Version: 12.2     |
|-----------------------------------------+----------------------+----------------------+
| GPU  Name                 Persistence-M | Bus-Id        Disp.A | Volatile Uncorr. ECC |
| Fan  Temp   Perf          Pwr:Usage/Cap |         Memory-Usage | GPU-Util  Compute M. |
|                                         |                      |               MIG M. |
|=========================================+======================+======================|
|   0  NVIDIA A100-SXM4-80GB          On  | 00000000:81:00.0 Off |                   On |
| N/A   32C    P0              85W / 500W |     40MiB / 81920MiB |     N/A      Default |
|                                         |                      |              Enabled |
+-----------------------------------------+----------------------+----------------------+
|   1  NVIDIA A100-SXM4-80GB          On  | 00000000:C1:00.0 Off |                   On |
| N/A   28C    P0              83W / 500W |     38MiB / 81920MiB |     N/A      Default |
|                                         |                      |              Enabled |
+-----------------------------------------+----------------------+----------------------+

+---------------------------------------------------------------------------------------+
| MIG devices:                                                                          |
+------------------+--------------------------------+-----------+-----------------------+
| GPU  GI  CI  MIG |                   Memory-Usage |        Vol|      Shared           |
|      ID  ID  Dev |                     BAR1-Usage | SM     Unc| CE ENC DEC OFA JPG    |
|                  |                                |        ECC|                       |
|==================+================================+===========+=======================|
|  0    2   0   0  |              16MiB / 40448MiB  | 42      0 |  3   0    2    0    0 |
|                  |               0MiB / 65535MiB  |           |                       |
+------------------+--------------------------------+-----------+-----------------------+
|  1    2   0   0  |              16MiB / 40448MiB  | 42      0 |  3   0    2    0    0 |
|                  |               0MiB / 65535MiB  |           |                       |
+------------------+--------------------------------+-----------+-----------------------+
                                                                                         
+---------------------------------------------------------------------------------------+
| Processes:                                                                            |
|  GPU   GI   CI        PID   Type   Process name                            GPU Memory |
|        ID   ID                                                             Usage      |
|=======================================================================================|
|  No running processes found                                                           |
+---------------------------------------------------------------------------------------+
